{"numFailedTestSuites":0,"numFailedTests":0,"numPassedTestSuites":1,"numPassedTests":19,"numPendingTestSuites":0,"numPendingTests":0,"numRuntimeErrorTestSuites":0,"numTodoTests":0,"numTotalTestSuites":1,"numTotalTests":19,"openHandles":[],"snapshot":{"added":0,"didUpdate":false,"failure":false,"filesAdded":0,"filesRemoved":0,"filesRemovedList":[],"filesUnmatched":0,"filesUpdated":0,"matched":0,"total":0,"unchecked":0,"uncheckedKeysByFile":[],"unmatched":0,"updated":0},"startTime":1750669217721,"success":true,"testResults":[{"assertionResults":[{"ancestorTitles":["processColor"],"duration":2,"failing":false,"failureDetails":[],"failureMessages":[],"fullName":"processColor returns correct hex for success","invocations":1,"location":null,"numPassingAsserts":1,"retryReasons":[],"startAt":1750669219687,"status":"passed","title":"returns correct hex for success"},{"ancestorTitles":["processColor"],"duration":0,"failing":false,"failureDetails":[],"failureMessages":[],"fullName":"processColor returns correct hex for failure","invocations":1,"location":null,"numPassingAsserts":1,"retryReasons":[],"startAt":1750669219690,"status":"passed","title":"returns correct hex for failure"},{"ancestorTitles":["processColor"],"duration":0,"failing":false,"failureDetails":[],"failureMessages":[],"fullName":"processColor returns correct hex for cancelled","invocations":1,"location":null,"numPassingAsserts":1,"retryReasons":[],"startAt":1750669219690,"status":"passed","title":"returns correct hex for cancelled"},{"ancestorTitles":["processColor"],"duration":0,"failing":false,"failureDetails":[],"failureMessages":[],"fullName":"processColor returns correct hex for skipped","invocations":1,"location":null,"numPassingAsserts":1,"retryReasons":[],"startAt":1750669219691,"status":"passed","title":"returns correct hex for skipped"},{"ancestorTitles":["processColor"],"duration":0,"failing":false,"failureDetails":[],"failureMessages":[],"fullName":"processColor returns input for unknown color","invocations":1,"location":null,"numPassingAsserts":1,"retryReasons":[],"startAt":1750669219691,"status":"passed","title":"returns input for unknown color"},{"ancestorTitles":["processColor"],"duration":1,"failing":false,"failureDetails":[],"failureMessages":[],"fullName":"processColor returns undefined for undefined input","invocations":1,"location":null,"numPassingAsserts":1,"retryReasons":[],"startAt":1750669219691,"status":"passed","title":"returns undefined for undefined input"},{"ancestorTitles":["processSarifPath"],"duration":8,"failing":false,"failureDetails":[],"failureMessages":[],"fullName":"processSarifPath throws if path does not exist","invocations":1,"location":null,"numPassingAsserts":1,"retryReasons":[],"startAt":1750669219692,"status":"passed","title":"throws if path does not exist"},{"ancestorTitles":["processSarifPath"],"duration":1,"failing":false,"failureDetails":[],"failureMessages":[],"fullName":"processSarifPath returns .sarif files in directory","invocations":1,"location":null,"numPassingAsserts":1,"retryReasons":[],"startAt":1750669219701,"status":"passed","title":"returns .sarif files in directory"},{"ancestorTitles":["processSarifPath"],"duration":0,"failing":false,"failureDetails":[],"failureMessages":[],"fullName":"processSarifPath returns file path if it is a file","invocations":1,"location":null,"numPassingAsserts":2,"retryReasons":[],"startAt":1750669219702,"status":"passed","title":"returns file path if it is a file"},{"ancestorTitles":["processSarifPath"],"duration":1,"failing":false,"failureDetails":[],"failureMessages":[],"fullName":"processSarifPath throws if path is neither file nor directory","invocations":1,"location":null,"numPassingAsserts":1,"retryReasons":[],"startAt":1750669219702,"status":"passed","title":"throws if path is neither file nor directory"},{"ancestorTitles":["processLogLevel"],"duration":1,"failing":false,"failureDetails":[],"failureMessages":[],"fullName":"processLogLevel returns 0 for silly","invocations":1,"location":null,"numPassingAsserts":1,"retryReasons":[],"startAt":1750669219703,"status":"passed","title":"returns 0 for silly"},{"ancestorTitles":["processLogLevel"],"duration":0,"failing":false,"failureDetails":[],"failureMessages":[],"fullName":"processLogLevel returns 1 for trace","invocations":1,"location":null,"numPassingAsserts":1,"retryReasons":[],"startAt":1750669219704,"status":"passed","title":"returns 1 for trace"},{"ancestorTitles":["processLogLevel"],"duration":0,"failing":false,"failureDetails":[],"failureMessages":[],"fullName":"processLogLevel returns 2 for debug","invocations":1,"location":null,"numPassingAsserts":1,"retryReasons":[],"startAt":1750669219704,"status":"passed","title":"returns 2 for debug"},{"ancestorTitles":["processLogLevel"],"duration":0,"failing":false,"failureDetails":[],"failureMessages":[],"fullName":"processLogLevel returns 3 for info","invocations":1,"location":null,"numPassingAsserts":1,"retryReasons":[],"startAt":1750669219704,"status":"passed","title":"returns 3 for info"},{"ancestorTitles":["processLogLevel"],"duration":1,"failing":false,"failureDetails":[],"failureMessages":[],"fullName":"processLogLevel returns 4 for warning","invocations":1,"location":null,"numPassingAsserts":1,"retryReasons":[],"startAt":1750669219704,"status":"passed","title":"returns 4 for warning"},{"ancestorTitles":["processLogLevel"],"duration":0,"failing":false,"failureDetails":[],"failureMessages":[],"fullName":"processLogLevel returns 5 for error","invocations":1,"location":null,"numPassingAsserts":1,"retryReasons":[],"startAt":1750669219705,"status":"passed","title":"returns 5 for error"},{"ancestorTitles":["processLogLevel"],"duration":0,"failing":false,"failureDetails":[],"failureMessages":[],"fullName":"processLogLevel returns 6 for fatal","invocations":1,"location":null,"numPassingAsserts":1,"retryReasons":[],"startAt":1750669219705,"status":"passed","title":"returns 6 for fatal"},{"ancestorTitles":["processLogLevel"],"duration":0,"failing":false,"failureDetails":[],"failureMessages":[],"fullName":"processLogLevel is case-insensitive","invocations":1,"location":null,"numPassingAsserts":2,"retryReasons":[],"startAt":1750669219705,"status":"passed","title":"is case-insensitive"},{"ancestorTitles":["processLogLevel"],"duration":1,"failing":false,"failureDetails":[],"failureMessages":[],"fullName":"processLogLevel throws for unknown log level","invocations":1,"location":null,"numPassingAsserts":1,"retryReasons":[],"startAt":1750669219705,"status":"passed","title":"throws for unknown log level"}],"endTime":1750669219707,"message":"","name":"/home/runner/work/sarif-to-slack/sarif-to-slack/tests/Processors.spec.ts","startTime":1750669217943,"status":"passed","summary":""}],"wasInterrupted":false,"coverageMap":{"/home/runner/work/sarif-to-slack/sarif-to-slack/src/Processors.ts":{"path":"/home/runner/work/sarif-to-slack/sarif-to-slack/src/Processors.ts","statementMap":{"0":{"start":{"line":15,"column":0},"end":{"line":15,"column":16}},"1":{"start":{"line":42,"column":0},"end":{"line":42,"column":16}},"2":{"start":{"line":76,"column":0},"end":{"line":76,"column":16}},"3":{"start":{"line":1,"column":0},"end":{"line":1,"column":24}},"4":{"start":{"line":2,"column":0},"end":{"line":2,"column":28}},"5":{"start":{"line":3,"column":0},"end":{"line":3,"column":29}},"6":{"start":{"line":16,"column":2},"end":{"line":32,"column":3}},"7":{"start":{"line":18,"column":6},"end":{"line":18,"column":null}},"8":{"start":{"line":19,"column":6},"end":{"line":19,"column":null}},"9":{"start":{"line":21,"column":6},"end":{"line":21,"column":null}},"10":{"start":{"line":22,"column":6},"end":{"line":22,"column":null}},"11":{"start":{"line":24,"column":6},"end":{"line":24,"column":null}},"12":{"start":{"line":25,"column":6},"end":{"line":25,"column":null}},"13":{"start":{"line":27,"column":6},"end":{"line":27,"column":null}},"14":{"start":{"line":28,"column":6},"end":{"line":28,"column":null}},"15":{"start":{"line":30,"column":6},"end":{"line":30,"column":null}},"16":{"start":{"line":31,"column":6},"end":{"line":31,"column":null}},"17":{"start":{"line":43,"column":2},"end":{"line":62,"column":3}},"18":{"start":{"line":44,"column":4},"end":{"line":61,"column":5}},"19":{"start":{"line":46,"column":8},"end":{"line":46,"column":null}},"20":{"start":{"line":48,"column":8},"end":{"line":48,"column":null}},"21":{"start":{"line":50,"column":8},"end":{"line":50,"column":null}},"22":{"start":{"line":52,"column":8},"end":{"line":52,"column":null}},"23":{"start":{"line":54,"column":8},"end":{"line":54,"column":null}},"24":{"start":{"line":56,"column":8},"end":{"line":56,"column":null}},"25":{"start":{"line":58,"column":8},"end":{"line":58,"column":null}},"26":{"start":{"line":60,"column":8},"end":{"line":60,"column":null}},"27":{"start":{"line":63,"column":2},"end":{"line":63,"column":null}},"28":{"start":{"line":77,"column":2},"end":{"line":79,"column":3}},"29":{"start":{"line":78,"column":4},"end":{"line":78,"column":null}},"30":{"start":{"line":81,"column":31},"end":{"line":81,"column":53}},"31":{"start":{"line":83,"column":2},"end":{"line":92,"column":3}},"32":{"start":{"line":84,"column":4},"end":{"line":84,"column":null}},"33":{"start":{"line":85,"column":28},"end":{"line":85,"column":53}},"34":{"start":{"line":86,"column":36},"end":{"line":87,"column":null}},"35":{"start":{"line":87,"column":6},"end":{"line":87,"column":51}},"36":{"start":{"line":89,"column":4},"end":{"line":89,"column":null}},"37":{"start":{"line":90,"column":4},"end":{"line":90,"column":null}},"38":{"start":{"line":91,"column":4},"end":{"line":91,"column":null}},"39":{"start":{"line":91,"column":47},"end":{"line":91,"column":73}},"40":{"start":{"line":94,"column":2},"end":{"line":97,"column":3}},"41":{"start":{"line":95,"column":4},"end":{"line":95,"column":null}},"42":{"start":{"line":96,"column":4},"end":{"line":96,"column":null}},"43":{"start":{"line":99,"column":2},"end":{"line":99,"column":null}}},"fnMap":{"0":{"name":"processColor","decl":{"start":{"line":15,"column":16},"end":{"line":15,"column":28}},"loc":{"start":{"line":15,"column":43},"end":{"line":33,"column":1}}},"1":{"name":"processLogLevel","decl":{"start":{"line":42,"column":16},"end":{"line":42,"column":31}},"loc":{"start":{"line":42,"column":60},"end":{"line":64,"column":1}}},"2":{"name":"processSarifPath","decl":{"start":{"line":76,"column":16},"end":{"line":76,"column":32}},"loc":{"start":{"line":76,"column":50},"end":{"line":100,"column":1}}},"3":{"name":"(anonymous_3)","decl":{"start":{"line":86,"column":49},"end":{"line":86,"column":50}},"loc":{"start":{"line":87,"column":6},"end":{"line":87,"column":51}}},"4":{"name":"(anonymous_4)","decl":{"start":{"line":91,"column":29},"end":{"line":91,"column":30}},"loc":{"start":{"line":91,"column":47},"end":{"line":91,"column":73}}}},"branchMap":{"0":{"loc":{"start":{"line":16,"column":2},"end":{"line":32,"column":3}},"type":"switch","locations":[{"start":{"line":17,"column":4},"end":{"line":19,"column":null}},{"start":{"line":20,"column":4},"end":{"line":22,"column":null}},{"start":{"line":23,"column":4},"end":{"line":25,"column":null}},{"start":{"line":26,"column":4},"end":{"line":28,"column":null}},{"start":{"line":29,"column":4},"end":{"line":31,"column":null}}]},"1":{"loc":{"start":{"line":43,"column":2},"end":{"line":62,"column":3}},"type":"if","locations":[{"start":{"line":43,"column":2},"end":{"line":62,"column":3}},{"start":{},"end":{}}]},"2":{"loc":{"start":{"line":44,"column":4},"end":{"line":61,"column":5}},"type":"switch","locations":[{"start":{"line":45,"column":6},"end":{"line":46,"column":null}},{"start":{"line":47,"column":6},"end":{"line":48,"column":null}},{"start":{"line":49,"column":6},"end":{"line":50,"column":null}},{"start":{"line":51,"column":6},"end":{"line":52,"column":null}},{"start":{"line":53,"column":6},"end":{"line":54,"column":null}},{"start":{"line":55,"column":6},"end":{"line":56,"column":null}},{"start":{"line":57,"column":6},"end":{"line":58,"column":null}},{"start":{"line":59,"column":6},"end":{"line":60,"column":null}}]},"3":{"loc":{"start":{"line":77,"column":2},"end":{"line":79,"column":3}},"type":"if","locations":[{"start":{"line":77,"column":2},"end":{"line":79,"column":3}},{"start":{},"end":{}}]},"4":{"loc":{"start":{"line":83,"column":2},"end":{"line":92,"column":3}},"type":"if","locations":[{"start":{"line":83,"column":2},"end":{"line":92,"column":3}},{"start":{},"end":{}}]},"5":{"loc":{"start":{"line":94,"column":2},"end":{"line":97,"column":3}},"type":"if","locations":[{"start":{"line":94,"column":2},"end":{"line":97,"column":3}},{"start":{},"end":{}}]}},"s":{"0":1,"1":1,"2":1,"3":1,"4":1,"5":1,"6":6,"7":1,"8":1,"9":1,"10":1,"11":1,"12":1,"13":1,"14":1,"15":2,"16":2,"17":10,"18":10,"19":1,"20":1,"21":1,"22":2,"23":1,"24":2,"25":1,"26":1,"27":0,"28":4,"29":1,"30":3,"31":3,"32":1,"33":1,"34":1,"35":3,"36":1,"37":1,"38":1,"39":2,"40":2,"41":1,"42":1,"43":1},"f":{"0":6,"1":10,"2":4,"3":3,"4":2},"b":{"0":[1,1,1,1,2],"1":[10,0],"2":[1,1,1,2,1,2,1,1],"3":[1,3],"4":[1,2],"5":[1,1]}},"/home/runner/work/sarif-to-slack/sarif-to-slack/src/SarifToSlackService.ts":{"path":"/home/runner/work/sarif-to-slack/sarif-to-slack/src/SarifToSlackService.ts","statementMap":{"0":{"start":{"line":1,"column":0},"end":{"line":1,"column":36}},"1":{"start":{"line":2,"column":0},"end":{"line":2,"column":29}},"2":{"start":{"line":3,"column":0},"end":{"line":3,"column":78}},"3":{"start":{"line":4,"column":0},"end":{"line":4,"column":59}},"4":{"start":{"line":12,"column":24},"end":{"line":12,"column":55}},"5":{"start":{"line":13,"column":31},"end":{"line":13,"column":63}},"6":{"start":{"line":14,"column":2},"end":{"line":16,"column":3}},"7":{"start":{"line":15,"column":4},"end":{"line":15,"column":null}},"8":{"start":{"line":18,"column":2},"end":{"line":40,"column":3}},"9":{"start":{"line":19,"column":31},"end":{"line":19,"column":67}},"10":{"start":{"line":21,"column":27},"end":{"line":26,"column":6}},"11":{"start":{"line":27,"column":4},"end":{"line":29,"column":5}},"12":{"start":{"line":28,"column":6},"end":{"line":28,"column":null}},"13":{"start":{"line":30,"column":4},"end":{"line":32,"column":5}},"14":{"start":{"line":31,"column":6},"end":{"line":31,"column":null}},"15":{"start":{"line":33,"column":4},"end":{"line":35,"column":5}},"16":{"start":{"line":34,"column":6},"end":{"line":34,"column":null}},"17":{"start":{"line":36,"column":4},"end":{"line":38,"column":5}},"18":{"start":{"line":37,"column":6},"end":{"line":37,"column":null}},"19":{"start":{"line":39,"column":4},"end":{"line":39,"column":null}},"20":{"start":{"line":41,"column":2},"end":{"line":41,"column":23}},"21":{"start":{"line":60,"column":4},"end":{"line":60,"column":31}},"22":{"start":{"line":71,"column":4},"end":{"line":73,"column":null}},"23":{"start":{"line":74,"column":42},"end":{"line":74,"column":67}},"24":{"start":{"line":75,"column":4},"end":{"line":75,"column":null}},"25":{"start":{"line":76,"column":4},"end":{"line":76,"column":null}},"26":{"start":{"line":86,"column":4},"end":{"line":88,"column":5}},"27":{"start":{"line":87,"column":6},"end":{"line":87,"column":33}},"28":{"start":{"line":99,"column":46},"end":{"line":99,"column":80}},"29":{"start":{"line":100,"column":4},"end":{"line":102,"column":5}},"30":{"start":{"line":101,"column":6},"end":{"line":101,"column":null}},"31":{"start":{"line":103,"column":25},"end":{"line":103,"column":45}},"32":{"start":{"line":104,"column":4},"end":{"line":104,"column":null}},"33":{"start":{"line":48,"column":0},"end":{"line":48,"column":13}}},"fnMap":{"0":{"name":"initialize","decl":{"start":{"line":11,"column":15},"end":{"line":11,"column":25}},"loc":{"start":{"line":11,"column":58},"end":{"line":42,"column":1}}},"1":{"name":"(anonymous_1)","decl":{"start":{"line":51,"column":2},"end":{"line":51,"column":null}},"loc":{"start":{"line":51,"column":2},"end":{"line":52,"column":3}}},"2":{"name":"(anonymous_2)","decl":{"start":{"line":59,"column":2},"end":{"line":59,"column":13}},"loc":{"start":{"line":59,"column":26},"end":{"line":61,"column":3}}},"3":{"name":"(anonymous_3)","decl":{"start":{"line":70,"column":9},"end":{"line":70,"column":15}},"loc":{"start":{"line":70,"column":61},"end":{"line":77,"column":3}}},"4":{"name":"(anonymous_4)","decl":{"start":{"line":85,"column":9},"end":{"line":85,"column":14}},"loc":{"start":{"line":85,"column":22},"end":{"line":89,"column":3}}},"5":{"name":"(anonymous_5)","decl":{"start":{"line":98,"column":9},"end":{"line":98,"column":14}},"loc":{"start":{"line":98,"column":37},"end":{"line":105,"column":3}}}},"branchMap":{"0":{"loc":{"start":{"line":14,"column":2},"end":{"line":16,"column":3}},"type":"if","locations":[{"start":{"line":14,"column":2},"end":{"line":16,"column":3}},{"start":{},"end":{}}]},"1":{"loc":{"start":{"line":27,"column":4},"end":{"line":29,"column":5}},"type":"if","locations":[{"start":{"line":27,"column":4},"end":{"line":29,"column":5}},{"start":{},"end":{}}]},"2":{"loc":{"start":{"line":30,"column":4},"end":{"line":32,"column":5}},"type":"if","locations":[{"start":{"line":30,"column":4},"end":{"line":32,"column":5}},{"start":{},"end":{}}]},"3":{"loc":{"start":{"line":33,"column":4},"end":{"line":35,"column":5}},"type":"if","locations":[{"start":{"line":33,"column":4},"end":{"line":35,"column":5}},{"start":{},"end":{}}]},"4":{"loc":{"start":{"line":36,"column":4},"end":{"line":38,"column":5}},"type":"if","locations":[{"start":{"line":36,"column":4},"end":{"line":38,"column":5}},{"start":{},"end":{}}]},"5":{"loc":{"start":{"line":100,"column":4},"end":{"line":102,"column":5}},"type":"if","locations":[{"start":{"line":100,"column":4},"end":{"line":102,"column":5}},{"start":{},"end":{}}]}},"s":{"0":0,"1":0,"2":0,"3":0,"4":0,"5":0,"6":0,"7":0,"8":0,"9":0,"10":0,"11":0,"12":0,"13":0,"14":0,"15":0,"16":0,"17":0,"18":0,"19":0,"20":0,"21":0,"22":0,"23":0,"24":0,"25":0,"26":0,"27":0,"28":0,"29":0,"30":0,"31":0,"32":0,"33":0},"f":{"0":0,"1":0,"2":0,"3":0,"4":0,"5":0},"b":{"0":[0,0],"1":[0,0],"2":[0,0],"3":[0,0],"4":[0,0],"5":[0,0]}},"/home/runner/work/sarif-to-slack/sarif-to-slack/src/Logger.ts":{"path":"/home/runner/work/sarif-to-slack/sarif-to-slack/src/Logger.ts","statementMap":{"0":{"start":{"line":1,"column":0},"end":{"line":1,"column":51}},"1":{"start":{"line":2,"column":0},"end":{"line":2,"column":34}},"2":{"start":{"line":17,"column":47},"end":{"line":17,"column":61}},"3":{"start":{"line":20,"column":4},"end":{"line":24,"column":5}},"4":{"start":{"line":21,"column":6},"end":{"line":23,"column":null}},"5":{"start":{"line":28,"column":4},"end":{"line":28,"column":null}},"6":{"start":{"line":32,"column":4},"end":{"line":32,"column":null}},"7":{"start":{"line":16,"column":0},"end":{"line":16,"column":21}}},"fnMap":{"0":{"name":"(anonymous_0)","decl":{"start":{"line":19,"column":9},"end":{"line":19,"column":15}},"loc":{"start":{"line":19,"column":70},"end":{"line":25,"column":3}}},"1":{"name":"(anonymous_1)","decl":{"start":{"line":27,"column":9},"end":{"line":27,"column":15}},"loc":{"start":{"line":27,"column":38},"end":{"line":29,"column":3}}},"2":{"name":"(anonymous_2)","decl":{"start":{"line":31,"column":9},"end":{"line":31,"column":15}},"loc":{"start":{"line":31,"column":39},"end":{"line":33,"column":3}}}},"branchMap":{"0":{"loc":{"start":{"line":19,"column":29},"end":{"line":19,"column":53}},"type":"default-arg","locations":[{"start":{"line":19,"column":40},"end":{"line":19,"column":53}}]},"1":{"loc":{"start":{"line":20,"column":4},"end":{"line":24,"column":5}},"type":"if","locations":[{"start":{"line":20,"column":4},"end":{"line":24,"column":5}},{"start":{},"end":{}}]},"2":{"loc":{"start":{"line":22,"column":18},"end":{"line":22,"column":74}},"type":"cond-expr","locations":[{"start":{"line":22,"column":62},"end":{"line":22,"column":63}},{"start":{"line":22,"column":66},"end":{"line":22,"column":74}}]}},"s":{"0":0,"1":0,"2":0,"3":0,"4":0,"5":0,"6":0,"7":0},"f":{"0":0,"1":0,"2":0},"b":{"0":[0],"1":[0,0],"2":[0,0]}},"/home/runner/work/sarif-to-slack/sarif-to-slack/src/index.ts":{"path":"/home/runner/work/sarif-to-slack/sarif-to-slack/src/index.ts","statementMap":{"0":{"start":{"line":44,"column":0},"end":{"line":44,"column":9}},"1":{"start":{"line":44,"column":9},"end":{"line":44,"column":59}},"2":{"start":{"line":45,"column":0},"end":{"line":45,"column":null}},"3":{"start":{"line":48,"column":2},"end":{"line":48,"column":null}}},"fnMap":{"0":{"name":"(anonymous_0)","decl":{"start":{"line":44,"column":9},"end":{"line":44,"column":28}},"loc":{"start":{"line":44,"column":9},"end":{"line":44,"column":59}}},"1":{"name":"(anonymous_1)","decl":{"start":{"line":48,"column":2},"end":{"line":48,"column":10}},"loc":{"start":{"line":48,"column":2},"end":{"line":48,"column":null}}}},"branchMap":{},"s":{"0":0,"1":0,"2":0,"3":0},"f":{"0":0,"1":0},"b":{}},"/home/runner/work/sarif-to-slack/sarif-to-slack/src/types.ts":{"path":"/home/runner/work/sarif-to-slack/sarif-to-slack/src/types.ts","statementMap":{"0":{"start":{"line":29,"column":0},"end":{"line":29,"column":null}},"1":{"start":{"line":33,"column":2},"end":{"line":33,"column":null}},"2":{"start":{"line":37,"column":2},"end":{"line":37,"column":null}},"3":{"start":{"line":41,"column":2},"end":{"line":41,"column":null}},"4":{"start":{"line":45,"column":2},"end":{"line":45,"column":null}},"5":{"start":{"line":49,"column":2},"end":{"line":49,"column":null}},"6":{"start":{"line":53,"column":2},"end":{"line":53,"column":null}},"7":{"start":{"line":57,"column":2},"end":{"line":57,"column":null}}},"fnMap":{"0":{"name":"(anonymous_0)","decl":{"start":{"line":29,"column":0},"end":{"line":29,"column":12}},"loc":{"start":{"line":29,"column":20},"end":{"line":58,"column":1}}}},"branchMap":{"0":{"loc":{"start":{"line":29,"column":12},"end":{"line":29,"column":null}},"type":"binary-expr","locations":[{"start":{"line":29,"column":12},"end":{"line":29,"column":20}},{"start":{"line":29,"column":20},"end":{"line":29,"column":null}}]}},"s":{"0":0,"1":0,"2":0,"3":0,"4":0,"5":0,"6":0,"7":0},"f":{"0":0},"b":{"0":[0,0]}},"/home/runner/work/sarif-to-slack/sarif-to-slack/src/SlackMessageBuilder.ts":{"path":"/home/runner/work/sarif-to-slack/sarif-to-slack/src/SlackMessageBuilder.ts","statementMap":{"0":{"start":{"line":3,"column":0},"end":{"line":3,"column":48}},"1":{"start":{"line":37,"column":4},"end":{"line":40,"column":null}},"2":{"start":{"line":41,"column":4},"end":{"line":41,"column":null}},"3":{"start":{"line":42,"column":4},"end":{"line":42,"column":null}},"4":{"start":{"line":43,"column":4},"end":{"line":43,"column":null}},"5":{"start":{"line":47,"column":4},"end":{"line":53,"column":null}},"6":{"start":{"line":57,"column":4},"end":{"line":57,"column":null}},"7":{"start":{"line":61,"column":4},"end":{"line":61,"column":null}},"8":{"start":{"line":65,"column":21},"end":{"line":65,"column":53}},"9":{"start":{"line":66,"column":4},"end":{"line":72,"column":null}},"10":{"start":{"line":76,"column":31},"end":{"line":76,"column":33}},"11":{"start":{"line":77,"column":4},"end":{"line":79,"column":5}},"12":{"start":{"line":78,"column":6},"end":{"line":78,"column":null}},"13":{"start":{"line":80,"column":4},"end":{"line":86,"column":null}},"14":{"start":{"line":87,"column":4},"end":{"line":89,"column":5}},"15":{"start":{"line":88,"column":6},"end":{"line":88,"column":null}},"16":{"start":{"line":90,"column":21},"end":{"line":92,"column":6}},"17":{"start":{"line":93,"column":4},"end":{"line":93,"column":null}},"18":{"start":{"line":97,"column":27},"end":{"line":97,"column":29}},"19":{"start":{"line":98,"column":4},"end":{"line":101,"column":5}},"20":{"start":{"line":99,"column":23},"end":{"line":99,"column":62}},"21":{"start":{"line":100,"column":6},"end":{"line":100,"column":null}},"22":{"start":{"line":102,"column":4},"end":{"line":102,"column":null}},"23":{"start":{"line":103,"column":4},"end":{"line":111,"column":5}},"24":{"start":{"line":104,"column":28},"end":{"line":104,"column":34}},"25":{"start":{"line":105,"column":6},"end":{"line":109,"column":7}},"26":{"start":{"line":106,"column":8},"end":{"line":106,"column":null}},"27":{"start":{"line":108,"column":8},"end":{"line":108,"column":null}},"28":{"start":{"line":110,"column":6},"end":{"line":110,"column":null}},"29":{"start":{"line":112,"column":4},"end":{"line":112,"column":null}},"30":{"start":{"line":116,"column":33},"end":{"line":116,"column":35}},"31":{"start":{"line":117,"column":4},"end":{"line":120,"column":5}},"32":{"start":{"line":118,"column":31},"end":{"line":118,"column":77}},"33":{"start":{"line":119,"column":6},"end":{"line":119,"column":null}},"34":{"start":{"line":121,"column":4},"end":{"line":121,"column":null}},"35":{"start":{"line":125,"column":17},"end":{"line":125,"column":55}},"36":{"start":{"line":126,"column":4},"end":{"line":137,"column":5}},"37":{"start":{"line":127,"column":23},"end":{"line":127,"column":43}},"38":{"start":{"line":128,"column":6},"end":{"line":130,"column":7}},"39":{"start":{"line":129,"column":8},"end":{"line":129,"column":null}},"40":{"start":{"line":131,"column":32},"end":{"line":131,"column":49}},"41":{"start":{"line":132,"column":6},"end":{"line":136,"column":7}},"42":{"start":{"line":133,"column":30},"end":{"line":133,"column":59}},"43":{"start":{"line":134,"column":30},"end":{"line":134,"column":65}},"44":{"start":{"line":135,"column":8},"end":{"line":135,"column":null}},"45":{"start":{"line":138,"column":32},"end":{"line":138,"column":34}},"46":{"start":{"line":139,"column":4},"end":{"line":141,"column":5}},"47":{"start":{"line":140,"column":6},"end":{"line":140,"column":null}},"48":{"start":{"line":142,"column":4},"end":{"line":142,"column":null}},"49":{"start":{"line":146,"column":4},"end":{"line":148,"column":5}},"50":{"start":{"line":147,"column":6},"end":{"line":147,"column":null}},"51":{"start":{"line":150,"column":31},"end":{"line":150,"column":33}},"52":{"start":{"line":152,"column":4},"end":{"line":159,"column":5}},"53":{"start":{"line":153,"column":6},"end":{"line":155,"column":7}},"54":{"start":{"line":154,"column":8},"end":{"line":154,"column":null}},"55":{"start":{"line":156,"column":6},"end":{"line":158,"column":7}},"56":{"start":{"line":157,"column":8},"end":{"line":157,"column":null}},"57":{"start":{"line":161,"column":4},"end":{"line":163,"column":5}},"58":{"start":{"line":162,"column":6},"end":{"line":162,"column":null}},"59":{"start":{"line":165,"column":4},"end":{"line":172,"column":5}},"60":{"start":{"line":168,"column":40},"end":{"line":168,"column":77}},"61":{"start":{"line":169,"column":6},"end":{"line":171,"column":7}},"62":{"start":{"line":170,"column":8},"end":{"line":170,"column":null}},"63":{"start":{"line":174,"column":4},"end":{"line":174,"column":null}},"64":{"start":{"line":24,"column":0},"end":{"line":24,"column":13}}},"fnMap":{"0":{"name":"(anonymous_0)","decl":{"start":{"line":36,"column":2},"end":{"line":36,"column":14}},"loc":{"start":{"line":36,"column":59},"end":{"line":44,"column":3}}},"1":{"name":"(anonymous_1)","decl":{"start":{"line":46,"column":2},"end":{"line":46,"column":12}},"loc":{"start":{"line":46,"column":28},"end":{"line":54,"column":3}}},"2":{"name":"(anonymous_2)","decl":{"start":{"line":56,"column":2},"end":{"line":56,"column":11}},"loc":{"start":{"line":56,"column":26},"end":{"line":58,"column":3}}},"3":{"name":"(anonymous_3)","decl":{"start":{"line":60,"column":2},"end":{"line":60,"column":9}},"loc":{"start":{"line":60,"column":9},"end":{"line":62,"column":3}}},"4":{"name":"(anonymous_4)","decl":{"start":{"line":64,"column":2},"end":{"line":64,"column":12}},"loc":{"start":{"line":64,"column":28},"end":{"line":73,"column":3}}},"5":{"name":"(anonymous_5)","decl":{"start":{"line":75,"column":2},"end":{"line":75,"column":7}},"loc":{"start":{"line":75,"column":12},"end":{"line":94,"column":3}}},"6":{"name":"(anonymous_6)","decl":{"start":{"line":96,"column":10},"end":{"line":96,"column":19}},"loc":{"start":{"line":96,"column":19},"end":{"line":113,"column":3}}},"7":{"name":"(anonymous_7)","decl":{"start":{"line":115,"column":10},"end":{"line":115,"column":27}},"loc":{"start":{"line":115,"column":70},"end":{"line":122,"column":3}}},"8":{"name":"(anonymous_8)","decl":{"start":{"line":124,"column":10},"end":{"line":124,"column":24}},"loc":{"start":{"line":124,"column":24},"end":{"line":143,"column":3}}},"9":{"name":"(anonymous_9)","decl":{"start":{"line":145,"column":10},"end":{"line":145,"column":21}},"loc":{"start":{"line":145,"column":46},"end":{"line":175,"column":3}}}},"branchMap":{"0":{"loc":{"start":{"line":38,"column":16},"end":{"line":38,"column":48}},"type":"binary-expr","locations":[{"start":{"line":38,"column":16},"end":{"line":38,"column":29}},{"start":{"line":38,"column":33},"end":{"line":38,"column":48}}]},"1":{"loc":{"start":{"line":43,"column":27},"end":{"line":43,"column":80}},"type":"binary-expr","locations":[{"start":{"line":43,"column":27},"end":{"line":43,"column":56}},{"start":{"line":43,"column":60},"end":{"line":43,"column":80}}]},"2":{"loc":{"start":{"line":51,"column":14},"end":{"line":51,"column":72}},"type":"binary-expr","locations":[{"start":{"line":51,"column":14},"end":{"line":51,"column":20}},{"start":{"line":51,"column":24},"end":{"line":51,"column":53}},{"start":{"line":51,"column":57},"end":{"line":51,"column":72}}]},"3":{"loc":{"start":{"line":57,"column":17},"end":{"line":57,"column":50}},"type":"binary-expr","locations":[{"start":{"line":57,"column":17},"end":{"line":57,"column":22}},{"start":{"line":57,"column":26},"end":{"line":57,"column":50}}]},"4":{"loc":{"start":{"line":69,"column":14},"end":{"line":69,"column":46}},"type":"cond-expr","locations":[{"start":{"line":69,"column":23},"end":{"line":69,"column":35}},{"start":{"line":69,"column":38},"end":{"line":69,"column":46}}]},"5":{"loc":{"start":{"line":70,"column":14},"end":{"line":70,"column":88}},"type":"binary-expr","locations":[{"start":{"line":70,"column":14},"end":{"line":70,"column":20}},{"start":{"line":70,"column":24},"end":{"line":70,"column":88}}]},"6":{"loc":{"start":{"line":77,"column":4},"end":{"line":79,"column":5}},"type":"if","locations":[{"start":{"line":77,"column":4},"end":{"line":79,"column":5}},{"start":{},"end":{}}]},"7":{"loc":{"start":{"line":87,"column":4},"end":{"line":89,"column":5}},"type":"if","locations":[{"start":{"line":87,"column":4},"end":{"line":89,"column":5}},{"start":{},"end":{}}]},"8":{"loc":{"start":{"line":98,"column":4},"end":{"line":101,"column":5}},"type":"if","locations":[{"start":{"line":98,"column":4},"end":{"line":101,"column":5}},{"start":{},"end":{}}]},"9":{"loc":{"start":{"line":103,"column":4},"end":{"line":111,"column":5}},"type":"if","locations":[{"start":{"line":103,"column":4},"end":{"line":111,"column":5}},{"start":{},"end":{}}]},"10":{"loc":{"start":{"line":105,"column":6},"end":{"line":109,"column":7}},"type":"if","locations":[{"start":{"line":105,"column":6},"end":{"line":109,"column":7}},{"start":{"line":107,"column":13},"end":{"line":109,"column":7}}]},"11":{"loc":{"start":{"line":128,"column":6},"end":{"line":130,"column":7}},"type":"if","locations":[{"start":{"line":128,"column":6},"end":{"line":130,"column":7}},{"start":{},"end":{}}]},"12":{"loc":{"start":{"line":131,"column":32},"end":{"line":131,"column":49}},"type":"binary-expr","locations":[{"start":{"line":131,"column":32},"end":{"line":131,"column":43}},{"start":{"line":131,"column":47},"end":{"line":131,"column":49}}]},"13":{"loc":{"start":{"line":134,"column":30},"end":{"line":134,"column":65}},"type":"binary-expr","locations":[{"start":{"line":134,"column":30},"end":{"line":134,"column":60}},{"start":{"line":134,"column":64},"end":{"line":134,"column":65}}]},"14":{"loc":{"start":{"line":146,"column":4},"end":{"line":148,"column":5}},"type":"if","locations":[{"start":{"line":146,"column":4},"end":{"line":148,"column":5}},{"start":{},"end":{}}]},"15":{"loc":{"start":{"line":152,"column":4},"end":{"line":159,"column":5}},"type":"if","locations":[{"start":{"line":152,"column":4},"end":{"line":159,"column":5}},{"start":{},"end":{}}]},"16":{"loc":{"start":{"line":153,"column":6},"end":{"line":155,"column":7}},"type":"if","locations":[{"start":{"line":153,"column":6},"end":{"line":155,"column":7}},{"start":{},"end":{}}]},"17":{"loc":{"start":{"line":156,"column":6},"end":{"line":158,"column":7}},"type":"if","locations":[{"start":{"line":156,"column":6},"end":{"line":158,"column":7}},{"start":{},"end":{}}]},"18":{"loc":{"start":{"line":161,"column":4},"end":{"line":163,"column":5}},"type":"if","locations":[{"start":{"line":161,"column":4},"end":{"line":163,"column":5}},{"start":{},"end":{}}]},"19":{"loc":{"start":{"line":161,"column":8},"end":{"line":161,"column":43}},"type":"binary-expr","locations":[{"start":{"line":161,"column":8},"end":{"line":161,"column":23}},{"start":{"line":161,"column":27},"end":{"line":161,"column":43}}]},"20":{"loc":{"start":{"line":165,"column":4},"end":{"line":172,"column":5}},"type":"if","locations":[{"start":{"line":165,"column":4},"end":{"line":172,"column":5}},{"start":{},"end":{}}]},"21":{"loc":{"start":{"line":165,"column":8},"end":{"line":167,"column":54}},"type":"binary-expr","locations":[{"start":{"line":165,"column":8},"end":{"line":165,"column":22}},{"start":{"line":166,"column":9},"end":{"line":166,"column":31}},{"start":{"line":167,"column":9},"end":{"line":167,"column":54}}]},"22":{"loc":{"start":{"line":169,"column":6},"end":{"line":171,"column":7}},"type":"if","locations":[{"start":{"line":169,"column":6},"end":{"line":171,"column":7}},{"start":{},"end":{}}]},"23":{"loc":{"start":{"line":169,"column":10},"end":{"line":169,"column":66}},"type":"binary-expr","locations":[{"start":{"line":169,"column":10},"end":{"line":169,"column":25}},{"start":{"line":169,"column":29},"end":{"line":169,"column":66}}]}},"s":{"0":0,"1":0,"2":0,"3":0,"4":0,"5":0,"6":0,"7":0,"8":0,"9":0,"10":0,"11":0,"12":0,"13":0,"14":0,"15":0,"16":0,"17":0,"18":0,"19":0,"20":0,"21":0,"22":0,"23":0,"24":0,"25":0,"26":0,"27":0,"28":0,"29":0,"30":0,"31":0,"32":0,"33":0,"34":0,"35":0,"36":0,"37":0,"38":0,"39":0,"40":0,"41":0,"42":0,"43":0,"44":0,"45":0,"46":0,"47":0,"48":0,"49":0,"50":0,"51":0,"52":0,"53":0,"54":0,"55":0,"56":0,"57":0,"58":0,"59":0,"60":0,"61":0,"62":0,"63":0,"64":0},"f":{"0":0,"1":0,"2":0,"3":0,"4":0,"5":0,"6":0,"7":0,"8":0,"9":0},"b":{"0":[0,0],"1":[0,0],"2":[0,0,0],"3":[0,0],"4":[0,0],"5":[0,0],"6":[0,0],"7":[0,0],"8":[0,0],"9":[0,0],"10":[0,0],"11":[0,0],"12":[0,0],"13":[0,0],"14":[0,0],"15":[0,0],"16":[0,0],"17":[0,0],"18":[0,0],"19":[0,0],"20":[0,0],"21":[0,0,0],"22":[0,0],"23":[0,0]}}}}
