{"numTotalTestSuites":17,"numPassedTestSuites":17,"numFailedTestSuites":0,"numPendingTestSuites":0,"numTotalTests":40,"numPassedTests":39,"numFailedTests":0,"numPendingTests":1,"numTodoTests":0,"snapshot":{"added":0,"failure":false,"filesAdded":0,"filesRemoved":0,"filesRemovedList":[],"filesUnmatched":0,"filesUpdated":0,"matched":0,"total":0,"unchecked":0,"uncheckedKeysByFile":[],"unmatched":0,"updated":0,"didUpdate":false},"startTime":1780841886106,"success":true,"testResults":[{"assertionResults":[{"ancestorTitles":["(integration): SendSarifToSlack"],"fullName":"(integration): SendSarifToSlack should send Sarif to Slack","status":"skipped","title":"should send Sarif to Slack","failureMessages":[],"meta":{},"tags":[]}],"startTime":1780841886106,"endTime":1780841886106,"status":"passed","message":"","name":"/Users/yevhen.fabizhevskyi/Source/personal/sarif-to-slack/tests/integration/SendSarifToSlack.spec.ts"},{"assertionResults":[{"ancestorTitles":["(unit): CompactGroupByRunPerLevelRepresentation","compose()"],"fullName":"(unit): CompactGroupByRunPerLevelRepresentation compose() should return \"No vulnerabilities found\" when there are no runs","status":"passed","title":"should return \"No vulnerabilities found\" when there are no runs","duration":0.9174999999999898,"failureMessages":[],"meta":{},"tags":[]},{"ancestorTitles":["(unit): CompactGroupByRunPerLevelRepresentation","compose()"],"fullName":"(unit): CompactGroupByRunPerLevelRepresentation compose() should return group header with \"No vulnerabilities found\" when run has no findings","status":"passed","title":"should return group header with \"No vulnerabilities found\" when run has no findings","duration":0.12404200000000287,"failureMessages":[],"meta":{},"tags":[]},{"ancestorTitles":["(unit): CompactGroupByRunPerLevelRepresentation","compose()"],"fullName":"(unit): CompactGroupByRunPerLevelRepresentation compose() should compose single finding with correct level label","status":"passed","title":"should compose single finding with correct level label","duration":0.17099999999999227,"failureMessages":[],"meta":{},"tags":[]},{"ancestorTitles":["(unit): CompactGroupByRunPerLevelRepresentation","compose()"],"fullName":"(unit): CompactGroupByRunPerLevelRepresentation compose() should group and sort findings by level descending","status":"passed","title":"should group and sort findings by level descending","duration":0.09695800000000077,"failureMessages":[],"meta":{},"tags":[]},{"ancestorTitles":["(unit): CompactGroupByRunPerLevelRepresentation","compose()"],"fullName":"(unit): CompactGroupByRunPerLevelRepresentation compose() should compose multiple runs each with their own findings","status":"passed","title":"should compose multiple runs each with their own findings","duration":0.0646250000000066,"failureMessages":[],"meta":{},"tags":[]},{"ancestorTitles":["(unit): CompactGroupByRunPerLevelRepresentation","compose()"],"fullName":"(unit): CompactGroupByRunPerLevelRepresentation compose() should show \"No vulnerabilities found\" for a run that has no matching findings","status":"passed","title":"should show \"No vulnerabilities found\" for a run that has no matching findings","duration":0.054082999999991443,"failureMessages":[],"meta":{},"tags":[]},{"ancestorTitles":["(unit): CompactGroupByRunPerLevelRepresentation","compose()"],"fullName":"(unit): CompactGroupByRunPerLevelRepresentation compose() should handle all level variants correctly","status":"passed","title":"should handle all level variants correctly","duration":0.07337499999999864,"failureMessages":[],"meta":{},"tags":[]}],"startTime":1780841886287,"endTime":1780841886288.171,"status":"passed","message":"","name":"/Users/yevhen.fabizhevskyi/Source/personal/sarif-to-slack/tests/representations/CompactGroupByRunPerLevelRepresentation.spec.ts"},{"assertionResults":[{"ancestorTitles":["(unit): CompactGroupByRunPerSeverityRepresentation","compose()"],"fullName":"(unit): CompactGroupByRunPerSeverityRepresentation compose() should return \"No vulnerabilities found\" when there are no runs","status":"passed","title":"should return \"No vulnerabilities found\" when there are no runs","duration":0.9181670000000111,"failureMessages":[],"meta":{},"tags":[]},{"ancestorTitles":["(unit): CompactGroupByRunPerSeverityRepresentation","compose()"],"fullName":"(unit): CompactGroupByRunPerSeverityRepresentation compose() should return group header with \"No vulnerabilities found\" when run has no findings","status":"passed","title":"should return group header with \"No vulnerabilities found\" when run has no findings","duration":0.11912499999999682,"failureMessages":[],"meta":{},"tags":[]},{"ancestorTitles":["(unit): CompactGroupByRunPerSeverityRepresentation","compose()"],"fullName":"(unit): CompactGroupByRunPerSeverityRepresentation compose() should compose single finding with correct severity label","status":"passed","title":"should compose single finding with correct severity label","duration":0.1713749999999834,"failureMessages":[],"meta":{},"tags":[]},{"ancestorTitles":["(unit): CompactGroupByRunPerSeverityRepresentation","compose()"],"fullName":"(unit): CompactGroupByRunPerSeverityRepresentation compose() should group and sort findings by severity descending","status":"passed","title":"should group and sort findings by severity descending","duration":0.09754200000000424,"failureMessages":[],"meta":{},"tags":[]},{"ancestorTitles":["(unit): CompactGroupByRunPerSeverityRepresentation","compose()"],"fullName":"(unit): CompactGroupByRunPerSeverityRepresentation compose() should compose multiple runs each with their own findings","status":"passed","title":"should compose multiple runs each with their own findings","duration":0.06799999999998363,"failureMessages":[],"meta":{},"tags":[]},{"ancestorTitles":["(unit): CompactGroupByRunPerSeverityRepresentation","compose()"],"fullName":"(unit): CompactGroupByRunPerSeverityRepresentation compose() should show \"No vulnerabilities found\" for a run that has no matching findings","status":"passed","title":"should show \"No vulnerabilities found\" for a run that has no matching findings","duration":0.05991700000001288,"failureMessages":[],"meta":{},"tags":[]},{"ancestorTitles":["(unit): CompactGroupByRunPerSeverityRepresentation","compose()"],"fullName":"(unit): CompactGroupByRunPerSeverityRepresentation compose() should handle all severity variants correctly","status":"passed","title":"should handle all severity variants correctly","duration":0.07766599999999357,"failureMessages":[],"meta":{},"tags":[]}],"startTime":1780841886287,"endTime":1780841886288.1714,"status":"passed","message":"","name":"/Users/yevhen.fabizhevskyi/Source/personal/sarif-to-slack/tests/representations/CompactGroupByRunPerSeverityRepresentation.spec.ts"},{"assertionResults":[{"ancestorTitles":["(unit): CompactGroupBySarifPerLevelRepresentation","compose()"],"fullName":"(unit): CompactGroupBySarifPerLevelRepresentation compose() should return \"No vulnerabilities found\" when there are no sarif files","status":"passed","title":"should return \"No vulnerabilities found\" when there are no sarif files","duration":0.9345410000000243,"failureMessages":[],"meta":{},"tags":[]},{"ancestorTitles":["(unit): CompactGroupBySarifPerLevelRepresentation","compose()"],"fullName":"(unit): CompactGroupBySarifPerLevelRepresentation compose() should return group header with \"No vulnerabilities found\" when file has no findings","status":"passed","title":"should return group header with \"No vulnerabilities found\" when file has no findings","duration":0.117999999999995,"failureMessages":[],"meta":{},"tags":[]},{"ancestorTitles":["(unit): CompactGroupBySarifPerLevelRepresentation","compose()"],"fullName":"(unit): CompactGroupBySarifPerLevelRepresentation compose() should compose single finding with correct level label","status":"passed","title":"should compose single finding with correct level label","duration":0.1754579999999919,"failureMessages":[],"meta":{},"tags":[]},{"ancestorTitles":["(unit): CompactGroupBySarifPerLevelRepresentation","compose()"],"fullName":"(unit): CompactGroupBySarifPerLevelRepresentation compose() should group and sort findings by level descending","status":"passed","title":"should group and sort findings by level descending","duration":0.1057909999999822,"failureMessages":[],"meta":{},"tags":[]},{"ancestorTitles":["(unit): CompactGroupBySarifPerLevelRepresentation","compose()"],"fullName":"(unit): CompactGroupBySarifPerLevelRepresentation compose() should compose multiple sarif files with incrementing indices","status":"passed","title":"should compose multiple sarif files with incrementing indices","duration":0.0712079999999844,"failureMessages":[],"meta":{},"tags":[]},{"ancestorTitles":["(unit): CompactGroupBySarifPerLevelRepresentation","compose()"],"fullName":"(unit): CompactGroupBySarifPerLevelRepresentation compose() should show \"No vulnerabilities found\" for a file that has no matching findings","status":"passed","title":"should show \"No vulnerabilities found\" for a file that has no matching findings","duration":0.05987500000000523,"failureMessages":[],"meta":{},"tags":[]},{"ancestorTitles":["(unit): CompactGroupBySarifPerLevelRepresentation","compose()"],"fullName":"(unit): CompactGroupBySarifPerLevelRepresentation compose() should use only basename for the group title","status":"passed","title":"should use only basename for the group title","duration":0.05666600000000699,"failureMessages":[],"meta":{},"tags":[]},{"ancestorTitles":["(unit): CompactGroupBySarifPerLevelRepresentation","compose()"],"fullName":"(unit): CompactGroupBySarifPerLevelRepresentation compose() should handle all level variants correctly","status":"passed","title":"should handle all level variants correctly","duration":0.07220800000001759,"failureMessages":[],"meta":{},"tags":[]}],"startTime":1780841886287,"endTime":1780841886288.1755,"status":"passed","message":"","name":"/Users/yevhen.fabizhevskyi/Source/personal/sarif-to-slack/tests/representations/CompactGroupBySarifPerLevelRepresentation.spec.ts"},{"assertionResults":[{"ancestorTitles":["(unit): CompactGroupBySarifPerSeverityRepresentation","compose()"],"fullName":"(unit): CompactGroupBySarifPerSeverityRepresentation compose() should return \"No vulnerabilities found\" when there are no sarif files","status":"passed","title":"should return \"No vulnerabilities found\" when there are no sarif files","duration":0.9197090000000117,"failureMessages":[],"meta":{},"tags":[]},{"ancestorTitles":["(unit): CompactGroupBySarifPerSeverityRepresentation","compose()"],"fullName":"(unit): CompactGroupBySarifPerSeverityRepresentation compose() should return group header with \"No vulnerabilities found\" when file has no findings","status":"passed","title":"should return group header with \"No vulnerabilities found\" when file has no findings","duration":0.11674999999999613,"failureMessages":[],"meta":{},"tags":[]},{"ancestorTitles":["(unit): CompactGroupBySarifPerSeverityRepresentation","compose()"],"fullName":"(unit): CompactGroupBySarifPerSeverityRepresentation compose() should compose single finding with correct severity label","status":"passed","title":"should compose single finding with correct severity label","duration":0.17787500000000023,"failureMessages":[],"meta":{},"tags":[]},{"ancestorTitles":["(unit): CompactGroupBySarifPerSeverityRepresentation","compose()"],"fullName":"(unit): CompactGroupBySarifPerSeverityRepresentation compose() should group and sort findings by severity descending","status":"passed","title":"should group and sort findings by severity descending","duration":0.10495800000001054,"failureMessages":[],"meta":{},"tags":[]},{"ancestorTitles":["(unit): CompactGroupBySarifPerSeverityRepresentation","compose()"],"fullName":"(unit): CompactGroupBySarifPerSeverityRepresentation compose() should compose multiple sarif files with incrementing indices","status":"passed","title":"should compose multiple sarif files with incrementing indices","duration":0.07129199999999969,"failureMessages":[],"meta":{},"tags":[]},{"ancestorTitles":["(unit): CompactGroupBySarifPerSeverityRepresentation","compose()"],"fullName":"(unit): CompactGroupBySarifPerSeverityRepresentation compose() should show \"No vulnerabilities found\" for a file that has no matching findings","status":"passed","title":"should show \"No vulnerabilities found\" for a file that has no matching findings","duration":0.058166999999997415,"failureMessages":[],"meta":{},"tags":[]},{"ancestorTitles":["(unit): CompactGroupBySarifPerSeverityRepresentation","compose()"],"fullName":"(unit): CompactGroupBySarifPerSeverityRepresentation compose() should use only basename for the group title","status":"passed","title":"should use only basename for the group title","duration":0.05616599999999039,"failureMessages":[],"meta":{},"tags":[]},{"ancestorTitles":["(unit): CompactGroupBySarifPerSeverityRepresentation","compose()"],"fullName":"(unit): CompactGroupBySarifPerSeverityRepresentation compose() should handle all severity variants correctly","status":"passed","title":"should handle all severity variants correctly","duration":0.07287499999998204,"failureMessages":[],"meta":{},"tags":[]}],"startTime":1780841886287,"endTime":1780841886288.178,"status":"passed","message":"","name":"/Users/yevhen.fabizhevskyi/Source/personal/sarif-to-slack/tests/representations/CompactGroupBySarifPerSeverityRepresentation.spec.ts"},{"assertionResults":[{"ancestorTitles":["(unit): Table","toString()"],"fullName":"(unit): Table toString() should pass when header=4, total=5 and row=6","status":"passed","title":"should pass when header=4, total=5 and row=6","duration":1.3587500000000148,"failureMessages":[],"meta":{},"tags":[]},{"ancestorTitles":["(unit): Table","toString()"],"fullName":"(unit): Table toString() should pass when header=3, total=5 and row=4","status":"passed","title":"should pass when header=3, total=5 and row=4","duration":0.09129200000000992,"failureMessages":[],"meta":{},"tags":[]},{"ancestorTitles":["(unit): Table","toString()"],"fullName":"(unit): Table toString() should pass when header=6, total=5 and row=7","status":"passed","title":"should pass when header=6, total=5 and row=7","duration":0.05912499999999454,"failureMessages":[],"meta":{},"tags":[]},{"ancestorTitles":["(unit): Table","toString()"],"fullName":"(unit): Table toString() should pass when header=4, total=5 and row=3","status":"passed","title":"should pass when header=4, total=5 and row=3","duration":0.049374999999997726,"failureMessages":[],"meta":{},"tags":[]},{"ancestorTitles":["(unit): Table","toString()"],"fullName":"(unit): Table toString() should pass when header=7, total=5 and row=6","status":"passed","title":"should pass when header=7, total=5 and row=6","duration":0.05008399999999824,"failureMessages":[],"meta":{},"tags":[]},{"ancestorTitles":["(unit): Table","toString()"],"fullName":"(unit): Table toString() should pass when header=6, total=5 and row=4","status":"passed","title":"should pass when header=6, total=5 and row=4","duration":0.04137500000001637,"failureMessages":[],"meta":{},"tags":[]},{"ancestorTitles":["(unit): Table","toString()"],"fullName":"(unit): Table toString() should pass when rows size is 0 and columns size is 1","status":"passed","title":"should pass when rows size is 0 and columns size is 1","duration":0.07120900000001029,"failureMessages":[],"meta":{},"tags":[]},{"ancestorTitles":["(unit): Table","toString()"],"fullName":"(unit): Table toString() should pass when rows size is 1 and columns size is 0","status":"passed","title":"should pass when rows size is 1 and columns size is 0","duration":0.04508400000000279,"failureMessages":[],"meta":{},"tags":[]},{"ancestorTitles":["(unit): Table","toString()"],"fullName":"(unit): Table toString() should pass when rows size is 0 and columns size is 0","status":"passed","title":"should pass when rows size is 0 and columns size is 0","duration":0.03808300000000031,"failureMessages":[],"meta":{},"tags":[]}],"startTime":1780841886318,"endTime":1780841886320.0913,"status":"passed","message":"","name":"/Users/yevhen.fabizhevskyi/Source/personal/sarif-to-slack/tests/representations/table/Table.spec.ts"}],"coverageMap":{"/Users/yevhen.fabizhevskyi/Source/personal/sarif-to-slack/src/globalState.ts":{"path":"/Users/yevhen.fabizhevskyi/Source/personal/sarif-to-slack/src/globalState.ts","statementMap":{"0":{"start":{"line":11,"column":40},"end":{"line":11,"column":null}}},"fnMap":{},"branchMap":{},"s":{"0":2},"f":{},"b":{},"meta":{"lastBranch":0,"lastFunction":0,"lastStatement":1,"seen":{"s:11:40:11:Infinity":0}}},"/Users/yevhen.fabizhevskyi/Source/personal/sarif-to-slack/src/index.ts":{"path":"/Users/yevhen.fabizhevskyi/Source/personal/sarif-to-slack/src/index.ts","statementMap":{},"fnMap":{},"branchMap":{},"s":{},"f":{},"b":{},"meta":{"lastBranch":0,"lastFunction":0,"lastStatement":0,"seen":{}}},"/Users/yevhen.fabizhevskyi/Source/personal/sarif-to-slack/src/Logger.ts":{"path":"/Users/yevhen.fabizhevskyi/Source/personal/sarif-to-slack/src/Logger.ts","statementMap":{"0":{"start":{"line":13,"column":47},"end":{"line":13,"column":null}},"1":{"start":{"line":14,"column":54},"end":{"line":14,"column":null}},"2":{"start":{"line":19,"column":27},"end":{"line":19,"column":null}},"3":{"start":{"line":21,"column":4},"end":{"line":28,"column":null}},"4":{"start":{"line":22,"column":6},"end":{"line":22,"column":null}},"5":{"start":{"line":23,"column":11},"end":{"line":28,"column":null}},"6":{"start":{"line":24,"column":56},"end":{"line":24,"column":null}},"7":{"start":{"line":25,"column":6},"end":{"line":27,"column":null}},"8":{"start":{"line":26,"column":8},"end":{"line":26,"column":null}},"9":{"start":{"line":30,"column":4},"end":{"line":30,"column":null}},"10":{"start":{"line":30,"column":61},"end":{"line":30,"column":73}},"11":{"start":{"line":38,"column":37},"end":{"line":38,"column":null}},"12":{"start":{"line":40,"column":4},"end":{"line":53,"column":null}},"13":{"start":{"line":41,"column":26},"end":{"line":41,"column":null}},"14":{"start":{"line":42,"column":6},"end":{"line":46,"column":null}},"15":{"start":{"line":43,"column":8},"end":{"line":43,"column":null}},"16":{"start":{"line":45,"column":8},"end":{"line":45,"column":null}},"17":{"start":{"line":47,"column":57},"end":{"line":49,"column":null}},"18":{"start":{"line":50,"column":6},"end":{"line":52,"column":null}},"19":{"start":{"line":51,"column":8},"end":{"line":51,"column":null}},"20":{"start":{"line":55,"column":4},"end":{"line":55,"column":null}},"21":{"start":{"line":59,"column":32},"end":{"line":62,"column":null}},"22":{"start":{"line":64,"column":40},"end":{"line":66,"column":null}},"23":{"start":{"line":67,"column":46},"end":{"line":78,"column":null}},"24":{"start":{"line":79,"column":4},"end":{"line":79,"column":null}},"25":{"start":{"line":83,"column":4},"end":{"line":83,"column":null}},"26":{"start":{"line":87,"column":4},"end":{"line":87,"column":null}},"27":{"start":{"line":91,"column":4},"end":{"line":91,"column":null}},"28":{"start":{"line":95,"column":4},"end":{"line":95,"column":null}}},"fnMap":{"0":{"name":"getMinLevel","decl":{"start":{"line":18,"column":2},"end":{"line":18,"column":10}},"loc":{"start":{"line":18,"column":62},"end":{"line":31,"column":null}},"line":18},"1":{"name":"(anonymous_1)","decl":{"start":{"line":30,"column":25},"end":{"line":30,"column":36}},"loc":{"start":{"line":30,"column":61},"end":{"line":30,"column":73}},"line":30},"2":{"name":"composeLogHeader","decl":{"start":{"line":33,"column":2},"end":{"line":33,"column":10}},"loc":{"start":{"line":37,"column":24},"end":{"line":56,"column":null}},"line":37},"3":{"name":"constructor","decl":{"start":{"line":58,"column":2},"end":{"line":58,"column":9}},"loc":{"start":{"line":58,"column":61},"end":{"line":80,"column":null}},"line":58},"4":{"name":"info","decl":{"start":{"line":82,"column":2},"end":{"line":82,"column":9}},"loc":{"start":{"line":82,"column":40},"end":{"line":84,"column":null}},"line":82},"5":{"name":"warn","decl":{"start":{"line":86,"column":2},"end":{"line":86,"column":9}},"loc":{"start":{"line":86,"column":40},"end":{"line":88,"column":null}},"line":86},"6":{"name":"trace","decl":{"start":{"line":90,"column":2},"end":{"line":90,"column":9}},"loc":{"start":{"line":90,"column":41},"end":{"line":92,"column":null}},"line":90},"7":{"name":"debug","decl":{"start":{"line":94,"column":2},"end":{"line":94,"column":9}},"loc":{"start":{"line":94,"column":41},"end":{"line":96,"column":null}},"line":94}},"branchMap":{"0":{"loc":{"start":{"line":21,"column":4},"end":{"line":28,"column":null}},"type":"if","locations":[{"start":{"line":21,"column":4},"end":{"line":28,"column":null}},{"start":{"line":23,"column":11},"end":{"line":28,"column":null}}],"line":21},"1":{"loc":{"start":{"line":23,"column":11},"end":{"line":28,"column":null}},"type":"if","locations":[{"start":{"line":23,"column":11},"end":{"line":28,"column":null}},{"start":{},"end":{}}],"line":23},"2":{"loc":{"start":{"line":25,"column":6},"end":{"line":27,"column":null}},"type":"if","locations":[{"start":{"line":25,"column":6},"end":{"line":27,"column":null}},{"start":{},"end":{}}],"line":25},"3":{"loc":{"start":{"line":40,"column":4},"end":{"line":53,"column":null}},"type":"if","locations":[{"start":{"line":40,"column":4},"end":{"line":53,"column":null}},{"start":{},"end":{}}],"line":40},"4":{"loc":{"start":{"line":41,"column":26},"end":{"line":41,"column":null}},"type":"binary-expr","locations":[{"start":{"line":41,"column":26},"end":{"line":41,"column":55}},{"start":{"line":41,"column":55},"end":{"line":41,"column":null}}],"line":41},"5":{"loc":{"start":{"line":42,"column":6},"end":{"line":46,"column":null}},"type":"if","locations":[{"start":{"line":42,"column":6},"end":{"line":46,"column":null}},{"start":{"line":44,"column":13},"end":{"line":46,"column":null}}],"line":42},"6":{"loc":{"start":{"line":48,"column":8},"end":{"line":48,"column":null}},"type":"binary-expr","locations":[{"start":{"line":48,"column":8},"end":{"line":48,"column":29}},{"start":{"line":48,"column":29},"end":{"line":48,"column":null}}],"line":48},"7":{"loc":{"start":{"line":50,"column":6},"end":{"line":52,"column":null}},"type":"if","locations":[{"start":{"line":50,"column":6},"end":{"line":52,"column":null}},{"start":{},"end":{}}],"line":50},"8":{"loc":{"start":{"line":58,"column":21},"end":{"line":58,"column":61}},"type":"default-arg","locations":[{"start":{"line":58,"column":57},"end":{"line":58,"column":61}}],"line":58},"9":{"loc":{"start":{"line":60,"column":25},"end":{"line":60,"column":53}},"type":"binary-expr","locations":[{"start":{"line":60,"column":25},"end":{"line":60,"column":51}},{"start":{"line":60,"column":51},"end":{"line":60,"column":53}}],"line":60},"10":{"loc":{"start":{"line":71,"column":25},"end":{"line":74,"column":null}},"type":"binary-expr","locations":[{"start":{"line":71,"column":25},"end":{"line":71,"column":null}},{"start":{"line":72,"column":8},"end":{"line":74,"column":null}}],"line":71},"11":{"loc":{"start":{"line":72,"column":8},"end":{"line":74,"column":null}},"type":"cond-expr","locations":[{"start":{"line":73,"column":10},"end":{"line":73,"column":null}},{"start":{"line":74,"column":10},"end":{"line":74,"column":null}}],"line":72},"12":{"loc":{"start":{"line":77,"column":23},"end":{"line":77,"column":null}},"type":"binary-expr","locations":[{"start":{"line":77,"column":23},"end":{"line":77,"column":47}},{"start":{"line":77,"column":47},"end":{"line":77,"column":null}}],"line":77}},"s":{"0":2,"1":2,"2":0,"3":0,"4":0,"5":0,"6":0,"7":0,"8":0,"9":0,"10":0,"11":0,"12":0,"13":0,"14":0,"15":0,"16":0,"17":0,"18":0,"19":0,"20":0,"21":0,"22":0,"23":0,"24":0,"25":0,"26":0,"27":0,"28":0},"f":{"0":0,"1":0,"2":0,"3":0,"4":0,"5":0,"6":0,"7":0},"b":{"0":[0,0],"1":[0,0],"2":[0,0],"3":[0,0],"4":[0,0],"5":[0,0],"6":[0,0],"7":[0,0],"8":[0],"9":[0,0],"10":[0,0],"11":[0,0],"12":[0,0]},"meta":{"lastBranch":13,"lastFunction":8,"lastStatement":29,"seen":{"s:13:47:13:Infinity":0,"s:14:54:14:Infinity":1,"f:18:2:18:10":0,"s:19:27:19:Infinity":2,"b:21:4:28:Infinity:23:11:28:Infinity":0,"s:21:4:28:Infinity":3,"s:22:6:22:Infinity":4,"b:23:11:28:Infinity:undefined:undefined:undefined:undefined":1,"s:23:11:28:Infinity":5,"s:24:56:24:Infinity":6,"b:25:6:27:Infinity:undefined:undefined:undefined:undefined":2,"s:25:6:27:Infinity":7,"s:26:8:26:Infinity":8,"s:30:4:30:Infinity":9,"f:30:25:30:36":1,"s:30:61:30:73":10,"f:33:2:33:10":2,"s:38:37:38:Infinity":11,"b:40:4:53:Infinity:undefined:undefined:undefined:undefined":3,"s:40:4:53:Infinity":12,"s:41:26:41:Infinity":13,"b:41:26:41:55:41:55:41:Infinity":4,"b:42:6:46:Infinity:44:13:46:Infinity":5,"s:42:6:46:Infinity":14,"s:43:8:43:Infinity":15,"s:45:8:45:Infinity":16,"s:47:57:49:Infinity":17,"b:48:8:48:29:48:29:48:Infinity":6,"b:50:6:52:Infinity:undefined:undefined:undefined:undefined":7,"s:50:6:52:Infinity":18,"s:51:8:51:Infinity":19,"s:55:4:55:Infinity":20,"f:58:2:58:9":3,"b:58:57:58:61":8,"s:59:32:62:Infinity":21,"b:60:25:60:51:60:51:60:53":9,"s:64:40:66:Infinity":22,"s:67:46:78:Infinity":23,"b:71:25:71:Infinity:72:8:74:Infinity":10,"b:73:10:73:Infinity:74:10:74:Infinity":11,"b:77:23:77:47:77:47:77:Infinity":12,"s:79:4:79:Infinity":24,"f:82:2:82:9":4,"s:83:4:83:Infinity":25,"f:86:2:86:9":5,"s:87:4:87:Infinity":26,"f:90:2:90:9":6,"s:91:4:91:Infinity":27,"f:94:2:94:9":7,"s:95:4:95:Infinity":28}}},"/Users/yevhen.fabizhevskyi/Source/personal/sarif-to-slack/src/model/FindingArray.ts":{"path":"/Users/yevhen.fabizhevskyi/Source/personal/sarif-to-slack/src/model/FindingArray.ts","statementMap":{"0":{"start":{"line":13,"column":4},"end":{"line":17,"column":null}},"1":{"start":{"line":15,"column":71},"end":{"line":15,"column":92}},"2":{"start":{"line":16,"column":48},"end":{"line":16,"column":61}},"3":{"start":{"line":17,"column":46},"end":{"line":17,"column":88}},"4":{"start":{"line":21,"column":4},"end":{"line":25,"column":null}},"5":{"start":{"line":23,"column":65},"end":{"line":23,"column":86}},"6":{"start":{"line":24,"column":45},"end":{"line":24,"column":55}},"7":{"start":{"line":25,"column":43},"end":{"line":25,"column":82}}},"fnMap":{"0":{"name":"hasSeverityOrHigher","decl":{"start":{"line":12,"column":2},"end":{"line":12,"column":9}},"loc":{"start":{"line":12,"column":66},"end":{"line":18,"column":null}},"line":12},"1":{"name":"(anonymous_1)","decl":{"start":{"line":15,"column":7},"end":{"line":15,"column":15}},"loc":{"start":{"line":15,"column":71},"end":{"line":15,"column":92}},"line":15},"2":{"name":"(anonymous_2)","decl":{"start":{"line":16,"column":7},"end":{"line":16,"column":15}},"loc":{"start":{"line":16,"column":48},"end":{"line":16,"column":61}},"line":16},"3":{"name":"(anonymous_3)","decl":{"start":{"line":17,"column":7},"end":{"line":17,"column":13}},"loc":{"start":{"line":17,"column":46},"end":{"line":17,"column":88}},"line":17},"4":{"name":"hasLevelOrHigher","decl":{"start":{"line":20,"column":2},"end":{"line":20,"column":9}},"loc":{"start":{"line":20,"column":57},"end":{"line":26,"column":null}},"line":20},"5":{"name":"(anonymous_5)","decl":{"start":{"line":23,"column":7},"end":{"line":23,"column":15}},"loc":{"start":{"line":23,"column":65},"end":{"line":23,"column":86}},"line":23},"6":{"name":"(anonymous_6)","decl":{"start":{"line":24,"column":7},"end":{"line":24,"column":15}},"loc":{"start":{"line":24,"column":45},"end":{"line":24,"column":55}},"line":24},"7":{"name":"(anonymous_7)","decl":{"start":{"line":25,"column":7},"end":{"line":25,"column":13}},"loc":{"start":{"line":25,"column":43},"end":{"line":25,"column":82}},"line":25}},"branchMap":{},"s":{"0":0,"1":0,"2":0,"3":0,"4":0,"5":0,"6":0,"7":0},"f":{"0":0,"1":0,"2":0,"3":0,"4":0,"5":0,"6":0,"7":0},"b":{},"meta":{"lastBranch":0,"lastFunction":8,"lastStatement":8,"seen":{"f:12:2:12:9":0,"s:13:4:17:Infinity":0,"f:15:7:15:15":1,"s:15:71:15:92":1,"f:16:7:16:15":2,"s:16:48:16:61":2,"f:17:7:17:13":3,"s:17:46:17:88":3,"f:20:2:20:9":4,"s:21:4:25:Infinity":4,"f:23:7:23:15":5,"s:23:65:23:86":5,"f:24:7:24:15":6,"s:24:45:24:55":6,"f:25:7:25:13":7,"s:25:43:25:82":7}}},"/Users/yevhen.fabizhevskyi/Source/personal/sarif-to-slack/src/model/Finding.ts":{"path":"/Users/yevhen.fabizhevskyi/Source/personal/sarif-to-slack/src/model/Finding.ts","statementMap":{"0":{"start":{"line":36,"column":2},"end":{"line":36,"column":null}},"1":{"start":{"line":52,"column":46},"end":{"line":52,"column":null}},"2":{"start":{"line":53,"column":48},"end":{"line":53,"column":null}},"3":{"start":{"line":55,"column":42},"end":{"line":55,"column":null}},"4":{"start":{"line":56,"column":50},"end":{"line":56,"column":null}},"5":{"start":{"line":59,"column":4},"end":{"line":59,"column":null}},"6":{"start":{"line":60,"column":4},"end":{"line":60,"column":null}},"7":{"start":{"line":61,"column":4},"end":{"line":61,"column":null}},"8":{"start":{"line":62,"column":4},"end":{"line":62,"column":null}},"9":{"start":{"line":63,"column":4},"end":{"line":63,"column":null}},"10":{"start":{"line":67,"column":4},"end":{"line":71,"column":null}},"11":{"start":{"line":75,"column":4},"end":{"line":75,"column":null}},"12":{"start":{"line":79,"column":4},"end":{"line":79,"column":null}},"13":{"start":{"line":83,"column":4},"end":{"line":83,"column":null}},"14":{"start":{"line":87,"column":4},"end":{"line":90,"column":null}},"15":{"start":{"line":88,"column":6},"end":{"line":88,"column":null}},"16":{"start":{"line":89,"column":6},"end":{"line":89,"column":null}},"17":{"start":{"line":91,"column":4},"end":{"line":91,"column":null}},"18":{"start":{"line":95,"column":4},"end":{"line":98,"column":null}},"19":{"start":{"line":96,"column":6},"end":{"line":96,"column":null}},"20":{"start":{"line":97,"column":6},"end":{"line":97,"column":null}},"21":{"start":{"line":100,"column":4},"end":{"line":104,"column":null}},"22":{"start":{"line":101,"column":21},"end":{"line":101,"column":34}},"23":{"start":{"line":102,"column":6},"end":{"line":102,"column":null}},"24":{"start":{"line":103,"column":6},"end":{"line":103,"column":null}},"25":{"start":{"line":106,"column":4},"end":{"line":111,"column":null}},"26":{"start":{"line":107,"column":20},"end":{"line":107,"column":null}},"27":{"start":{"line":108,"column":22},"end":{"line":108,"column":null}},"28":{"start":{"line":109,"column":19},"end":{"line":109,"column":null}},"29":{"start":{"line":110,"column":15},"end":{"line":110,"column":null}},"30":{"start":{"line":115,"column":4},"end":{"line":119,"column":null}},"31":{"start":{"line":116,"column":21},"end":{"line":116,"column":null}},"32":{"start":{"line":117,"column":6},"end":{"line":117,"column":null}},"33":{"start":{"line":118,"column":6},"end":{"line":118,"column":null}},"34":{"start":{"line":121,"column":4},"end":{"line":123,"column":null}},"35":{"start":{"line":122,"column":6},"end":{"line":122,"column":null}},"36":{"start":{"line":125,"column":4},"end":{"line":127,"column":null}},"37":{"start":{"line":126,"column":6},"end":{"line":126,"column":null}},"38":{"start":{"line":129,"column":4},"end":{"line":131,"column":null}},"39":{"start":{"line":130,"column":6},"end":{"line":130,"column":null}},"40":{"start":{"line":133,"column":4},"end":{"line":135,"column":null}},"41":{"start":{"line":134,"column":6},"end":{"line":134,"column":null}},"42":{"start":{"line":137,"column":4},"end":{"line":137,"column":null}}},"fnMap":{"0":{"name":"createFinding","decl":{"start":{"line":35,"column":16},"end":{"line":35,"column":30}},"loc":{"start":{"line":35,"column":61},"end":{"line":37,"column":null}},"line":35},"1":{"name":"constructor","decl":{"start":{"line":58,"column":2},"end":{"line":58,"column":14}},"loc":{"start":{"line":58,"column":36},"end":{"line":64,"column":null}},"line":58},"2":{"name":"clone","decl":{"start":{"line":66,"column":2},"end":{"line":66,"column":19}},"loc":{"start":{"line":66,"column":19},"end":{"line":72,"column":null}},"line":66},"3":{"name":"sarifPath","decl":{"start":{"line":74,"column":13},"end":{"line":74,"column":33}},"loc":{"start":{"line":74,"column":33},"end":{"line":76,"column":null}},"line":74},"4":{"name":"runId","decl":{"start":{"line":78,"column":13},"end":{"line":78,"column":29}},"loc":{"start":{"line":78,"column":29},"end":{"line":80,"column":null}},"line":78},"5":{"name":"toolName","decl":{"start":{"line":82,"column":13},"end":{"line":82,"column":32}},"loc":{"start":{"line":82,"column":32},"end":{"line":84,"column":null}},"line":82},"6":{"name":"cvssScore","decl":{"start":{"line":86,"column":13},"end":{"line":86,"column":45}},"loc":{"start":{"line":86,"column":45},"end":{"line":92,"column":null}},"line":86},"7":{"name":"level","decl":{"start":{"line":94,"column":13},"end":{"line":94,"column":36}},"loc":{"start":{"line":94,"column":36},"end":{"line":112,"column":null}},"line":94},"8":{"name":"severity","decl":{"start":{"line":114,"column":13},"end":{"line":114,"column":42}},"loc":{"start":{"line":114,"column":42},"end":{"line":138,"column":null}},"line":114}},"branchMap":{"0":{"loc":{"start":{"line":87,"column":4},"end":{"line":90,"column":null}},"type":"if","locations":[{"start":{"line":87,"column":4},"end":{"line":90,"column":null}},{"start":{},"end":{}}],"line":87},"1":{"loc":{"start":{"line":95,"column":4},"end":{"line":98,"column":null}},"type":"if","locations":[{"start":{"line":95,"column":4},"end":{"line":98,"column":null}},{"start":{},"end":{}}],"line":95},"2":{"loc":{"start":{"line":100,"column":4},"end":{"line":104,"column":null}},"type":"if","locations":[{"start":{"line":100,"column":4},"end":{"line":104,"column":null}},{"start":{},"end":{}}],"line":100},"3":{"loc":{"start":{"line":106,"column":4},"end":{"line":111,"column":null}},"type":"switch","locations":[{"start":{"line":107,"column":6},"end":{"line":107,"column":null}},{"start":{"line":108,"column":6},"end":{"line":108,"column":null}},{"start":{"line":109,"column":6},"end":{"line":109,"column":null}},{"start":{"line":110,"column":6},"end":{"line":110,"column":null}}],"line":106},"4":{"loc":{"start":{"line":115,"column":4},"end":{"line":119,"column":null}},"type":"if","locations":[{"start":{"line":115,"column":4},"end":{"line":119,"column":null}},{"start":{},"end":{}}],"line":115},"5":{"loc":{"start":{"line":115,"column":8},"end":{"line":115,"column":77}},"type":"binary-expr","locations":[{"start":{"line":115,"column":8},"end":{"line":115,"column":34}},{"start":{"line":115,"column":34},"end":{"line":115,"column":56}},{"start":{"line":115,"column":56},"end":{"line":115,"column":77}}],"line":115},"6":{"loc":{"start":{"line":121,"column":4},"end":{"line":123,"column":null}},"type":"if","locations":[{"start":{"line":121,"column":4},"end":{"line":123,"column":null}},{"start":{},"end":{}}],"line":121},"7":{"loc":{"start":{"line":125,"column":4},"end":{"line":127,"column":null}},"type":"if","locations":[{"start":{"line":125,"column":4},"end":{"line":127,"column":null}},{"start":{},"end":{}}],"line":125},"8":{"loc":{"start":{"line":129,"column":4},"end":{"line":131,"column":null}},"type":"if","locations":[{"start":{"line":129,"column":4},"end":{"line":131,"column":null}},{"start":{},"end":{}}],"line":129},"9":{"loc":{"start":{"line":133,"column":4},"end":{"line":135,"column":null}},"type":"if","locations":[{"start":{"line":133,"column":4},"end":{"line":135,"column":null}},{"start":{},"end":{}}],"line":133}},"s":{"0":0,"1":0,"2":0,"3":0,"4":0,"5":0,"6":0,"7":0,"8":0,"9":0,"10":0,"11":0,"12":0,"13":0,"14":0,"15":0,"16":0,"17":0,"18":0,"19":0,"20":0,"21":0,"22":0,"23":0,"24":0,"25":0,"26":0,"27":0,"28":0,"29":0,"30":0,"31":0,"32":0,"33":0,"34":0,"35":0,"36":0,"37":0,"38":0,"39":0,"40":0,"41":0,"42":0},"f":{"0":0,"1":0,"2":0,"3":0,"4":0,"5":0,"6":0,"7":0,"8":0},"b":{"0":[0,0],"1":[0,0],"2":[0,0],"3":[0,0,0,0],"4":[0,0],"5":[0,0,0],"6":[0,0],"7":[0,0],"8":[0,0],"9":[0,0]},"meta":{"lastBranch":10,"lastFunction":9,"lastStatement":43,"seen":{"f:35:16:35:30":0,"s:36:2:36:Infinity":0,"s:52:46:52:Infinity":1,"s:53:48:53:Infinity":2,"s:55:42:55:Infinity":3,"s:56:50:56:Infinity":4,"f:58:2:58:14":1,"s:59:4:59:Infinity":5,"s:60:4:60:Infinity":6,"s:61:4:61:Infinity":7,"s:62:4:62:Infinity":8,"s:63:4:63:Infinity":9,"f:66:2:66:19":2,"s:67:4:71:Infinity":10,"f:74:13:74:33":3,"s:75:4:75:Infinity":11,"f:78:13:78:29":4,"s:79:4:79:Infinity":12,"f:82:13:82:32":5,"s:83:4:83:Infinity":13,"f:86:13:86:45":6,"b:87:4:90:Infinity:undefined:undefined:undefined:undefined":0,"s:87:4:90:Infinity":14,"s:88:6:88:Infinity":15,"s:89:6:89:Infinity":16,"s:91:4:91:Infinity":17,"f:94:13:94:36":7,"b:95:4:98:Infinity:undefined:undefined:undefined:undefined":1,"s:95:4:98:Infinity":18,"s:96:6:96:Infinity":19,"s:97:6:97:Infinity":20,"b:100:4:104:Infinity:undefined:undefined:undefined:undefined":2,"s:100:4:104:Infinity":21,"s:101:21:101:34":22,"s:102:6:102:Infinity":23,"s:103:6:103:Infinity":24,"b:107:6:107:Infinity:108:6:108:Infinity:109:6:109:Infinity:110:6:110:Infinity":3,"s:106:4:111:Infinity":25,"s:107:20:107:Infinity":26,"s:108:22:108:Infinity":27,"s:109:19:109:Infinity":28,"s:110:15:110:Infinity":29,"f:114:13:114:42":8,"b:115:4:119:Infinity:undefined:undefined:undefined:undefined":4,"s:115:4:119:Infinity":30,"b:115:8:115:34:115:34:115:56:115:56:115:77":5,"s:116:21:116:Infinity":31,"s:117:6:117:Infinity":32,"s:118:6:118:Infinity":33,"b:121:4:123:Infinity:undefined:undefined:undefined:undefined":6,"s:121:4:123:Infinity":34,"s:122:6:122:Infinity":35,"b:125:4:127:Infinity:undefined:undefined:undefined:undefined":7,"s:125:4:127:Infinity":36,"s:126:6:126:Infinity":37,"b:129:4:131:Infinity:undefined:undefined:undefined:undefined":8,"s:129:4:131:Infinity":38,"s:130:6:130:Infinity":39,"b:133:4:135:Infinity:undefined:undefined:undefined:undefined":9,"s:133:4:135:Infinity":40,"s:134:6:134:Infinity":41,"s:137:4:137:Infinity":42}}},"/Users/yevhen.fabizhevskyi/Source/personal/sarif-to-slack/src/model/SendIf.ts":{"path":"/Users/yevhen.fabizhevskyi/Source/personal/sarif-to-slack/src/model/SendIf.ts","statementMap":{"0":{"start":{"line":6,"column":7},"end":{"line":115,"column":null}},"1":{"start":{"line":12,"column":2},"end":{"line":12,"column":null}},"2":{"start":{"line":16,"column":2},"end":{"line":16,"column":null}},"3":{"start":{"line":21,"column":2},"end":{"line":21,"column":null}},"4":{"start":{"line":25,"column":2},"end":{"line":25,"column":null}},"5":{"start":{"line":30,"column":2},"end":{"line":30,"column":null}},"6":{"start":{"line":34,"column":2},"end":{"line":34,"column":null}},"7":{"start":{"line":39,"column":2},"end":{"line":39,"column":null}},"8":{"start":{"line":43,"column":2},"end":{"line":43,"column":null}},"9":{"start":{"line":48,"column":2},"end":{"line":48,"column":null}},"10":{"start":{"line":52,"column":2},"end":{"line":52,"column":null}},"11":{"start":{"line":57,"column":2},"end":{"line":57,"column":null}},"12":{"start":{"line":62,"column":2},"end":{"line":62,"column":null}},"13":{"start":{"line":66,"column":2},"end":{"line":66,"column":null}},"14":{"start":{"line":71,"column":2},"end":{"line":71,"column":null}},"15":{"start":{"line":75,"column":2},"end":{"line":75,"column":null}},"16":{"start":{"line":80,"column":2},"end":{"line":80,"column":null}},"17":{"start":{"line":84,"column":2},"end":{"line":84,"column":null}},"18":{"start":{"line":89,"column":2},"end":{"line":89,"column":null}},"19":{"start":{"line":93,"column":2},"end":{"line":93,"column":null}},"20":{"start":{"line":98,"column":2},"end":{"line":98,"column":null}},"21":{"start":{"line":102,"column":2},"end":{"line":102,"column":null}},"22":{"start":{"line":106,"column":2},"end":{"line":106,"column":null}},"23":{"start":{"line":110,"column":2},"end":{"line":110,"column":null}},"24":{"start":{"line":114,"column":2},"end":{"line":114,"column":null}},"25":{"start":{"line":123,"column":2},"end":{"line":174,"column":null}},"26":{"start":{"line":125,"column":6},"end":{"line":125,"column":null}},"27":{"start":{"line":127,"column":6},"end":{"line":127,"column":null}},"28":{"start":{"line":129,"column":6},"end":{"line":129,"column":null}},"29":{"start":{"line":131,"column":6},"end":{"line":131,"column":null}},"30":{"start":{"line":133,"column":6},"end":{"line":133,"column":null}},"31":{"start":{"line":135,"column":6},"end":{"line":135,"column":null}},"32":{"start":{"line":137,"column":6},"end":{"line":137,"column":null}},"33":{"start":{"line":139,"column":6},"end":{"line":139,"column":null}},"34":{"start":{"line":141,"column":6},"end":{"line":141,"column":null}},"35":{"start":{"line":143,"column":6},"end":{"line":143,"column":null}},"36":{"start":{"line":145,"column":6},"end":{"line":145,"column":null}},"37":{"start":{"line":147,"column":6},"end":{"line":147,"column":null}},"38":{"start":{"line":149,"column":6},"end":{"line":149,"column":null}},"39":{"start":{"line":151,"column":6},"end":{"line":151,"column":null}},"40":{"start":{"line":153,"column":6},"end":{"line":153,"column":null}},"41":{"start":{"line":155,"column":6},"end":{"line":155,"column":null}},"42":{"start":{"line":157,"column":6},"end":{"line":157,"column":null}},"43":{"start":{"line":159,"column":6},"end":{"line":159,"column":null}},"44":{"start":{"line":161,"column":6},"end":{"line":161,"column":null}},"45":{"start":{"line":163,"column":6},"end":{"line":163,"column":null}},"46":{"start":{"line":165,"column":6},"end":{"line":165,"column":null}},"47":{"start":{"line":167,"column":6},"end":{"line":167,"column":null}},"48":{"start":{"line":169,"column":6},"end":{"line":169,"column":null}},"49":{"start":{"line":171,"column":6},"end":{"line":171,"column":null}},"50":{"start":{"line":173,"column":6},"end":{"line":173,"column":null}}},"fnMap":{"0":{"name":"(anonymous_0)","decl":{"start":{"line":6,"column":7},"end":{"line":6,"column":12}},"loc":{"start":{"line":6,"column":7},"end":{"line":115,"column":null}},"line":6},"1":{"name":"sendIfLogMessage","decl":{"start":{"line":122,"column":16},"end":{"line":122,"column":33}},"loc":{"start":{"line":122,"column":57},"end":{"line":175,"column":null}},"line":122}},"branchMap":{"0":{"loc":{"start":{"line":123,"column":2},"end":{"line":174,"column":null}},"type":"switch","locations":[{"start":{"line":124,"column":4},"end":{"line":125,"column":null}},{"start":{"line":126,"column":4},"end":{"line":127,"column":null}},{"start":{"line":128,"column":4},"end":{"line":129,"column":null}},{"start":{"line":130,"column":4},"end":{"line":131,"column":null}},{"start":{"line":132,"column":4},"end":{"line":133,"column":null}},{"start":{"line":134,"column":4},"end":{"line":135,"column":null}},{"start":{"line":136,"column":4},"end":{"line":137,"column":null}},{"start":{"line":138,"column":4},"end":{"line":139,"column":null}},{"start":{"line":140,"column":4},"end":{"line":141,"column":null}},{"start":{"line":142,"column":4},"end":{"line":143,"column":null}},{"start":{"line":144,"column":4},"end":{"line":145,"column":null}},{"start":{"line":146,"column":4},"end":{"line":147,"column":null}},{"start":{"line":148,"column":4},"end":{"line":149,"column":null}},{"start":{"line":150,"column":4},"end":{"line":151,"column":null}},{"start":{"line":152,"column":4},"end":{"line":153,"column":null}},{"start":{"line":154,"column":4},"end":{"line":155,"column":null}},{"start":{"line":156,"column":4},"end":{"line":157,"column":null}},{"start":{"line":158,"column":4},"end":{"line":159,"column":null}},{"start":{"line":160,"column":4},"end":{"line":161,"column":null}},{"start":{"line":162,"column":4},"end":{"line":163,"column":null}},{"start":{"line":164,"column":4},"end":{"line":165,"column":null}},{"start":{"line":166,"column":4},"end":{"line":167,"column":null}},{"start":{"line":168,"column":4},"end":{"line":169,"column":null}},{"start":{"line":170,"column":4},"end":{"line":171,"column":null}},{"start":{"line":172,"column":4},"end":{"line":173,"column":null}}],"line":123}},"s":{"0":1,"1":1,"2":1,"3":1,"4":1,"5":1,"6":1,"7":1,"8":1,"9":1,"10":1,"11":1,"12":1,"13":1,"14":1,"15":1,"16":1,"17":1,"18":1,"19":1,"20":1,"21":1,"22":1,"23":1,"24":1,"25":0,"26":0,"27":0,"28":0,"29":0,"30":0,"31":0,"32":0,"33":0,"34":0,"35":0,"36":0,"37":0,"38":0,"39":0,"40":0,"41":0,"42":0,"43":0,"44":0,"45":0,"46":0,"47":0,"48":0,"49":0,"50":0},"f":{"0":1,"1":0},"b":{"0":[0,0,0,0,0,0,0,0,0,0,0,0,0,0,0,0,0,0,0,0,0,0,0,0,0]},"meta":{"lastBranch":1,"lastFunction":2,"lastStatement":51,"seen":{"s:6:7:115:Infinity":0,"f:6:7:6:12":0,"s:12:2:12:Infinity":1,"s:16:2:16:Infinity":2,"s:21:2:21:Infinity":3,"s:25:2:25:Infinity":4,"s:30:2:30:Infinity":5,"s:34:2:34:Infinity":6,"s:39:2:39:Infinity":7,"s:43:2:43:Infinity":8,"s:48:2:48:Infinity":9,"s:52:2:52:Infinity":10,"s:57:2:57:Infinity":11,"s:62:2:62:Infinity":12,"s:66:2:66:Infinity":13,"s:71:2:71:Infinity":14,"s:75:2:75:Infinity":15,"s:80:2:80:Infinity":16,"s:84:2:84:Infinity":17,"s:89:2:89:Infinity":18,"s:93:2:93:Infinity":19,"s:98:2:98:Infinity":20,"s:102:2:102:Infinity":21,"s:106:2:106:Infinity":22,"s:110:2:110:Infinity":23,"s:114:2:114:Infinity":24,"f:122:16:122:33":1,"b:124:4:125:Infinity:126:4:127:Infinity:128:4:129:Infinity:130:4:131:Infinity:132:4:133:Infinity:134:4:135:Infinity:136:4:137:Infinity:138:4:139:Infinity:140:4:141:Infinity:142:4:143:Infinity:144:4:145:Infinity:146:4:147:Infinity:148:4:149:Infinity:150:4:151:Infinity:152:4:153:Infinity:154:4:155:Infinity:156:4:157:Infinity:158:4:159:Infinity:160:4:161:Infinity:162:4:163:Infinity:164:4:165:Infinity:166:4:167:Infinity:168:4:169:Infinity:170:4:171:Infinity:172:4:173:Infinity":0,"s:123:2:174:Infinity":25,"s:125:6:125:Infinity":26,"s:127:6:127:Infinity":27,"s:129:6:129:Infinity":28,"s:131:6:131:Infinity":29,"s:133:6:133:Infinity":30,"s:135:6:135:Infinity":31,"s:137:6:137:Infinity":32,"s:139:6:139:Infinity":33,"s:141:6:141:Infinity":34,"s:143:6:143:Infinity":35,"s:145:6:145:Infinity":36,"s:147:6:147:Infinity":37,"s:149:6:149:Infinity":38,"s:151:6:151:Infinity":39,"s:153:6:153:Infinity":40,"s:155:6:155:Infinity":41,"s:157:6:157:Infinity":42,"s:159:6:159:Infinity":43,"s:161:6:161:Infinity":44,"s:163:6:163:Infinity":45,"s:165:6:165:Infinity":46,"s:167:6:167:Infinity":47,"s:169:6:169:Infinity":48,"s:171:6:171:Infinity":49,"s:173:6:173:Infinity":50}}},"/Users/yevhen.fabizhevskyi/Source/personal/sarif-to-slack/src/model/color/Color.ts":{"path":"/Users/yevhen.fabizhevskyi/Source/personal/sarif-to-slack/src/model/color/Color.ts","statementMap":{"0":{"start":{"line":13,"column":4},"end":{"line":13,"column":null}},"1":{"start":{"line":14,"column":4},"end":{"line":14,"column":null}},"2":{"start":{"line":28,"column":4},"end":{"line":28,"column":null}},"3":{"start":{"line":32,"column":4},"end":{"line":38,"column":null}},"4":{"start":{"line":33,"column":28},"end":{"line":33,"column":null}},"5":{"start":{"line":35,"column":6},"end":{"line":37,"column":null}},"6":{"start":{"line":36,"column":8},"end":{"line":36,"column":null}},"7":{"start":{"line":42,"column":16},"end":{"line":47,"column":null}},"8":{"start":{"line":48,"column":4},"end":{"line":48,"column":null}}},"fnMap":{"0":{"name":"constructor","decl":{"start":{"line":12,"column":2},"end":{"line":12,"column":10}},"loc":{"start":{"line":12,"column":37},"end":{"line":15,"column":null}},"line":12},"1":{"name":"from","decl":{"start":{"line":27,"column":16},"end":{"line":27,"column":21}},"loc":{"start":{"line":27,"column":67},"end":{"line":29,"column":null}},"line":27},"2":{"name":"assertHexColor","decl":{"start":{"line":31,"column":2},"end":{"line":31,"column":10}},"loc":{"start":{"line":31,"column":33},"end":{"line":39,"column":null}},"line":31},"3":{"name":"mapColor","decl":{"start":{"line":41,"column":2},"end":{"line":41,"column":10}},"loc":{"start":{"line":41,"column":41},"end":{"line":49,"column":null}},"line":41}},"branchMap":{"0":{"loc":{"start":{"line":28,"column":11},"end":{"line":28,"column":null}},"type":"cond-expr","locations":[{"start":{"line":28,"column":19},"end":{"line":28,"column":38}},{"start":{"line":28,"column":38},"end":{"line":28,"column":null}}],"line":28},"1":{"loc":{"start":{"line":32,"column":4},"end":{"line":38,"column":null}},"type":"if","locations":[{"start":{"line":32,"column":4},"end":{"line":38,"column":null}},{"start":{},"end":{}}],"line":32},"2":{"loc":{"start":{"line":35,"column":6},"end":{"line":37,"column":null}},"type":"if","locations":[{"start":{"line":35,"column":6},"end":{"line":37,"column":null}},{"start":{},"end":{}}],"line":35},"3":{"loc":{"start":{"line":48,"column":11},"end":{"line":48,"column":null}},"type":"binary-expr","locations":[{"start":{"line":48,"column":11},"end":{"line":48,"column":28}},{"start":{"line":48,"column":28},"end":{"line":48,"column":null}}],"line":48}},"s":{"0":0,"1":0,"2":0,"3":0,"4":0,"5":0,"6":0,"7":0,"8":0},"f":{"0":0,"1":1,"2":0,"3":0},"b":{"0":[0,0],"1":[0,0],"2":[0,0],"3":[0,0]},"meta":{"lastBranch":4,"lastFunction":4,"lastStatement":9,"seen":{"f:12:2:12:10":0,"s:13:4:13:Infinity":0,"s:14:4:14:Infinity":1,"f:27:16:27:21":1,"s:28:4:28:Infinity":2,"b:28:19:28:38:28:38:28:Infinity":0,"f:31:2:31:10":2,"b:32:4:38:Infinity:undefined:undefined:undefined:undefined":1,"s:32:4:38:Infinity":3,"s:33:28:33:Infinity":4,"b:35:6:37:Infinity:undefined:undefined:undefined:undefined":2,"s:35:6:37:Infinity":5,"s:36:8:36:Infinity":6,"f:41:2:41:10":3,"s:42:16:47:Infinity":7,"s:48:4:48:Infinity":8,"b:48:11:48:28:48:28:48:Infinity":3}}},"/Users/yevhen.fabizhevskyi/Source/personal/sarif-to-slack/src/model/SlackMessage.ts":{"path":"/Users/yevhen.fabizhevskyi/Source/personal/sarif-to-slack/src/model/SlackMessage.ts","statementMap":{"0":{"start":{"line":42,"column":2},"end":{"line":42,"column":null}},"1":{"start":{"line":61,"column":4},"end":{"line":64,"column":null}},"2":{"start":{"line":65,"column":4},"end":{"line":65,"column":null}},"3":{"start":{"line":66,"column":4},"end":{"line":66,"column":null}},"4":{"start":{"line":67,"column":4},"end":{"line":67,"column":null}},"5":{"start":{"line":71,"column":4},"end":{"line":77,"column":null}},"6":{"start":{"line":81,"column":4},"end":{"line":81,"column":null}},"7":{"start":{"line":85,"column":4},"end":{"line":85,"column":null}},"8":{"start":{"line":89,"column":21},"end":{"line":89,"column":null}},"9":{"start":{"line":90,"column":32},"end":{"line":92,"column":null}},"10":{"start":{"line":93,"column":4},"end":{"line":96,"column":null}},"11":{"start":{"line":100,"column":31},"end":{"line":100,"column":null}},"12":{"start":{"line":101,"column":4},"end":{"line":103,"column":null}},"13":{"start":{"line":102,"column":6},"end":{"line":102,"column":null}},"14":{"start":{"line":104,"column":4},"end":{"line":110,"column":null}},"15":{"start":{"line":111,"column":4},"end":{"line":113,"column":null}},"16":{"start":{"line":112,"column":6},"end":{"line":112,"column":null}},"17":{"start":{"line":114,"column":21},"end":{"line":116,"column":null}},"18":{"start":{"line":117,"column":4},"end":{"line":117,"column":null}},"19":{"start":{"line":121,"column":27},"end":{"line":121,"column":null}},"20":{"start":{"line":122,"column":4},"end":{"line":125,"column":null}},"21":{"start":{"line":123,"column":23},"end":{"line":123,"column":null}},"22":{"start":{"line":124,"column":6},"end":{"line":124,"column":null}},"23":{"start":{"line":126,"column":4},"end":{"line":126,"column":null}},"24":{"start":{"line":127,"column":4},"end":{"line":135,"column":null}},"25":{"start":{"line":128,"column":28},"end":{"line":128,"column":null}},"26":{"start":{"line":129,"column":6},"end":{"line":133,"column":null}},"27":{"start":{"line":130,"column":8},"end":{"line":130,"column":null}},"28":{"start":{"line":132,"column":8},"end":{"line":132,"column":null}},"29":{"start":{"line":134,"column":6},"end":{"line":134,"column":null}},"30":{"start":{"line":136,"column":4},"end":{"line":136,"column":null}}},"fnMap":{"0":{"name":"createSlackMessage","decl":{"start":{"line":41,"column":16},"end":{"line":41,"column":35}},"loc":{"start":{"line":41,"column":89},"end":{"line":43,"column":null}},"line":41},"1":{"name":"constructor","decl":{"start":{"line":60,"column":2},"end":{"line":60,"column":14}},"loc":{"start":{"line":60,"column":54},"end":{"line":68,"column":null}},"line":60},"2":{"name":"withHeader","decl":{"start":{"line":70,"column":2},"end":{"line":70,"column":13}},"loc":{"start":{"line":70,"column":36},"end":{"line":78,"column":null}},"line":70},"3":{"name":"withActor","decl":{"start":{"line":80,"column":2},"end":{"line":80,"column":12}},"loc":{"start":{"line":80,"column":34},"end":{"line":82,"column":null}},"line":80},"4":{"name":"withRun","decl":{"start":{"line":84,"column":2},"end":{"line":84,"column":18}},"loc":{"start":{"line":84,"column":18},"end":{"line":86,"column":null}},"line":84},"5":{"name":"withFooter","decl":{"start":{"line":88,"column":2},"end":{"line":88,"column":13}},"loc":{"start":{"line":88,"column":53},"end":{"line":97,"column":null}},"line":88},"6":{"name":"send","decl":{"start":{"line":99,"column":8},"end":{"line":99,"column":32}},"loc":{"start":{"line":99,"column":32},"end":{"line":118,"column":null}},"line":99},"7":{"name":"buildText","decl":{"start":{"line":120,"column":2},"end":{"line":120,"column":10}},"loc":{"start":{"line":120,"column":30},"end":{"line":137,"column":null}},"line":120}},"branchMap":{"0":{"loc":{"start":{"line":62,"column":16},"end":{"line":62,"column":null}},"type":"binary-expr","locations":[{"start":{"line":62,"column":16},"end":{"line":62,"column":33}},{"start":{"line":62,"column":33},"end":{"line":62,"column":null}}],"line":62},"1":{"loc":{"start":{"line":65,"column":28},"end":{"line":65,"column":null}},"type":"binary-expr","locations":[{"start":{"line":65,"column":28},"end":{"line":65,"column":61}},{"start":{"line":65,"column":61},"end":{"line":65,"column":null}}],"line":65},"2":{"loc":{"start":{"line":75,"column":14},"end":{"line":75,"column":null}},"type":"binary-expr","locations":[{"start":{"line":75,"column":14},"end":{"line":75,"column":24}},{"start":{"line":75,"column":24},"end":{"line":75,"column":57}},{"start":{"line":75,"column":57},"end":{"line":75,"column":null}}],"line":75},"3":{"loc":{"start":{"line":81,"column":18},"end":{"line":81,"column":null}},"type":"binary-expr","locations":[{"start":{"line":81,"column":18},"end":{"line":81,"column":27}},{"start":{"line":81,"column":27},"end":{"line":81,"column":null}}],"line":81},"4":{"loc":{"start":{"line":90,"column":32},"end":{"line":92,"column":null}},"type":"cond-expr","locations":[{"start":{"line":91,"column":8},"end":{"line":91,"column":null}},{"start":{"line":92,"column":8},"end":{"line":92,"column":null}}],"line":90},"5":{"loc":{"start":{"line":91,"column":16},"end":{"line":91,"column":46}},"type":"binary-expr","locations":[{"start":{"line":91,"column":16},"end":{"line":91,"column":24}},{"start":{"line":91,"column":24},"end":{"line":91,"column":46}}],"line":91},"6":{"loc":{"start":{"line":101,"column":4},"end":{"line":103,"column":null}},"type":"if","locations":[{"start":{"line":101,"column":4},"end":{"line":103,"column":null}},{"start":{},"end":{}}],"line":101},"7":{"loc":{"start":{"line":111,"column":4},"end":{"line":113,"column":null}},"type":"if","locations":[{"start":{"line":111,"column":4},"end":{"line":113,"column":null}},{"start":{},"end":{}}],"line":111},"8":{"loc":{"start":{"line":122,"column":4},"end":{"line":125,"column":null}},"type":"if","locations":[{"start":{"line":122,"column":4},"end":{"line":125,"column":null}},{"start":{},"end":{}}],"line":122},"9":{"loc":{"start":{"line":127,"column":4},"end":{"line":135,"column":null}},"type":"if","locations":[{"start":{"line":127,"column":4},"end":{"line":135,"column":null}},{"start":{},"end":{}}],"line":127},"10":{"loc":{"start":{"line":129,"column":6},"end":{"line":133,"column":null}},"type":"if","locations":[{"start":{"line":129,"column":6},"end":{"line":133,"column":null}},{"start":{"line":131,"column":13},"end":{"line":133,"column":null}}],"line":129}},"s":{"0":0,"1":0,"2":0,"3":0,"4":0,"5":0,"6":0,"7":0,"8":0,"9":0,"10":0,"11":0,"12":0,"13":0,"14":0,"15":0,"16":0,"17":0,"18":0,"19":0,"20":0,"21":0,"22":0,"23":0,"24":0,"25":0,"26":0,"27":0,"28":0,"29":0,"30":0},"f":{"0":0,"1":0,"2":0,"3":0,"4":0,"5":0,"6":0,"7":0},"b":{"0":[0,0],"1":[0,0],"2":[0,0,0],"3":[0,0],"4":[0,0],"5":[0,0],"6":[0,0],"7":[0,0],"8":[0,0],"9":[0,0],"10":[0,0]},"meta":{"lastBranch":11,"lastFunction":8,"lastStatement":31,"seen":{"f:41:16:41:35":0,"s:42:2:42:Infinity":0,"f:60:2:60:14":1,"s:61:4:64:Infinity":1,"b:62:16:62:33:62:33:62:Infinity":0,"s:65:4:65:Infinity":2,"b:65:28:65:61:65:61:65:Infinity":1,"s:66:4:66:Infinity":3,"s:67:4:67:Infinity":4,"f:70:2:70:13":2,"s:71:4:77:Infinity":5,"b:75:14:75:24:75:24:75:57:75:57:75:Infinity":2,"f:80:2:80:12":3,"s:81:4:81:Infinity":6,"b:81:18:81:27:81:27:81:Infinity":3,"f:84:2:84:18":4,"s:85:4:85:Infinity":7,"f:88:2:88:13":5,"s:89:21:89:Infinity":8,"s:90:32:92:Infinity":9,"b:91:8:91:Infinity:92:8:92:Infinity":4,"b:91:16:91:24:91:24:91:46":5,"s:93:4:96:Infinity":10,"f:99:8:99:32":6,"s:100:31:100:Infinity":11,"b:101:4:103:Infinity:undefined:undefined:undefined:undefined":6,"s:101:4:103:Infinity":12,"s:102:6:102:Infinity":13,"s:104:4:110:Infinity":14,"b:111:4:113:Infinity:undefined:undefined:undefined:undefined":7,"s:111:4:113:Infinity":15,"s:112:6:112:Infinity":16,"s:114:21:116:Infinity":17,"s:117:4:117:Infinity":18,"f:120:2:120:10":7,"s:121:27:121:Infinity":19,"b:122:4:125:Infinity:undefined:undefined:undefined:undefined":8,"s:122:4:125:Infinity":20,"s:123:23:123:Infinity":21,"s:124:6:124:Infinity":22,"s:126:4:126:Infinity":23,"b:127:4:135:Infinity:undefined:undefined:undefined:undefined":9,"s:127:4:135:Infinity":24,"s:128:28:128:Infinity":25,"b:129:6:133:Infinity:131:13:133:Infinity":10,"s:129:6:133:Infinity":26,"s:130:8:130:Infinity":27,"s:132:8:132:Infinity":28,"s:134:6:134:Infinity":29,"s:136:4:136:Infinity":30}}},"/Users/yevhen.fabizhevskyi/Source/personal/sarif-to-slack/src/SarifToSlackClient.ts":{"path":"/Users/yevhen.fabizhevskyi/Source/personal/sarif-to-slack/src/SarifToSlackClient.ts","statementMap":{"0":{"start":{"line":31,"column":28},"end":{"line":31,"column":null}},"1":{"start":{"line":34,"column":4},"end":{"line":34,"column":null}},"2":{"start":{"line":38,"column":24},"end":{"line":38,"column":null}},"3":{"start":{"line":39,"column":4},"end":{"line":41,"column":null}},"4":{"start":{"line":40,"column":6},"end":{"line":40,"column":null}},"5":{"start":{"line":55,"column":4},"end":{"line":55,"column":null}},"6":{"start":{"line":57,"column":19},"end":{"line":57,"column":null}},"7":{"start":{"line":58,"column":4},"end":{"line":58,"column":null}},"8":{"start":{"line":60,"column":21},"end":{"line":60,"column":null}},"9":{"start":{"line":61,"column":4},"end":{"line":61,"column":null}},"10":{"start":{"line":62,"column":4},"end":{"line":62,"column":null}},"11":{"start":{"line":63,"column":4},"end":{"line":63,"column":null}},"12":{"start":{"line":64,"column":4},"end":{"line":64,"column":null}},"13":{"start":{"line":68,"column":10},"end":{"line":68,"column":null}},"14":{"start":{"line":69,"column":4},"end":{"line":71,"column":null}},"15":{"start":{"line":70,"column":6},"end":{"line":70,"column":null}},"16":{"start":{"line":73,"column":30},"end":{"line":73,"column":null}},"17":{"start":{"line":74,"column":46},"end":{"line":74,"column":null}},"18":{"start":{"line":75,"column":4},"end":{"line":95,"column":null}},"19":{"start":{"line":76,"column":32},"end":{"line":76,"column":null}},"20":{"start":{"line":77,"column":28},"end":{"line":77,"column":null}},"21":{"start":{"line":79,"column":6},"end":{"line":94,"column":null}},"22":{"start":{"line":80,"column":46},"end":{"line":80,"column":null}},"23":{"start":{"line":82,"column":8},"end":{"line":89,"column":null}},"24":{"start":{"line":83,"column":10},"end":{"line":87,"column":null}},"25":{"start":{"line":88,"column":10},"end":{"line":88,"column":null}},"26":{"start":{"line":90,"column":8},"end":{"line":92,"column":null}},"27":{"start":{"line":93,"column":8},"end":{"line":93,"column":null}},"28":{"start":{"line":96,"column":4},"end":{"line":96,"column":null}},"29":{"start":{"line":114,"column":10},"end":{"line":119,"column":null}},"30":{"start":{"line":120,"column":4},"end":{"line":122,"column":null}},"31":{"start":{"line":121,"column":6},"end":{"line":121,"column":null}},"32":{"start":{"line":123,"column":4},"end":{"line":125,"column":null}},"33":{"start":{"line":124,"column":6},"end":{"line":124,"column":null}},"34":{"start":{"line":126,"column":4},"end":{"line":128,"column":null}},"35":{"start":{"line":127,"column":6},"end":{"line":127,"column":null}},"36":{"start":{"line":129,"column":4},"end":{"line":131,"column":null}},"37":{"start":{"line":130,"column":6},"end":{"line":130,"column":null}},"38":{"start":{"line":132,"column":4},"end":{"line":132,"column":null}},"39":{"start":{"line":142,"column":4},"end":{"line":144,"column":null}},"40":{"start":{"line":143,"column":6},"end":{"line":143,"column":null}},"41":{"start":{"line":145,"column":19},"end":{"line":145,"column":null}},"42":{"start":{"line":146,"column":4},"end":{"line":154,"column":null}},"43":{"start":{"line":147,"column":6},"end":{"line":149,"column":null}},"44":{"start":{"line":148,"column":8},"end":{"line":148,"column":null}},"45":{"start":{"line":150,"column":27},"end":{"line":150,"column":null}},"46":{"start":{"line":151,"column":6},"end":{"line":151,"column":null}},"47":{"start":{"line":153,"column":6},"end":{"line":153,"column":null}},"48":{"start":{"line":158,"column":4},"end":{"line":160,"column":null}},"49":{"start":{"line":159,"column":6},"end":{"line":159,"column":null}},"50":{"start":{"line":162,"column":4},"end":{"line":213,"column":null}},"51":{"start":{"line":164,"column":8},"end":{"line":164,"column":null}},"52":{"start":{"line":166,"column":8},"end":{"line":166,"column":null}},"53":{"start":{"line":168,"column":8},"end":{"line":168,"column":null}},"54":{"start":{"line":170,"column":8},"end":{"line":170,"column":null}},"55":{"start":{"line":172,"column":8},"end":{"line":172,"column":null}},"56":{"start":{"line":174,"column":8},"end":{"line":174,"column":null}},"57":{"start":{"line":176,"column":8},"end":{"line":176,"column":null}},"58":{"start":{"line":178,"column":8},"end":{"line":178,"column":null}},"59":{"start":{"line":180,"column":8},"end":{"line":180,"column":null}},"60":{"start":{"line":182,"column":8},"end":{"line":182,"column":null}},"61":{"start":{"line":184,"column":8},"end":{"line":184,"column":null}},"62":{"start":{"line":186,"column":8},"end":{"line":186,"column":null}},"63":{"start":{"line":188,"column":8},"end":{"line":188,"column":null}},"64":{"start":{"line":190,"column":8},"end":{"line":190,"column":null}},"65":{"start":{"line":192,"column":8},"end":{"line":192,"column":null}},"66":{"start":{"line":194,"column":8},"end":{"line":194,"column":null}},"67":{"start":{"line":196,"column":8},"end":{"line":196,"column":null}},"68":{"start":{"line":198,"column":8},"end":{"line":198,"column":null}},"69":{"start":{"line":200,"column":8},"end":{"line":200,"column":null}},"70":{"start":{"line":202,"column":8},"end":{"line":202,"column":null}},"71":{"start":{"line":204,"column":8},"end":{"line":204,"column":null}},"72":{"start":{"line":206,"column":8},"end":{"line":206,"column":null}},"73":{"start":{"line":208,"column":8},"end":{"line":208,"column":null}},"74":{"start":{"line":210,"column":8},"end":{"line":210,"column":null}},"75":{"start":{"line":212,"column":8},"end":{"line":212,"column":null}}},"fnMap":{"0":{"name":"constructor","decl":{"start":{"line":33,"column":2},"end":{"line":33,"column":10}},"loc":{"start":{"line":33,"column":24},"end":{"line":35,"column":null}},"line":33},"1":{"name":"createRunIdGenerator","decl":{"start":{"line":37,"column":18},"end":{"line":37,"column":60}},"loc":{"start":{"line":37,"column":60},"end":{"line":42,"column":null}},"line":37},"2":{"name":"create","decl":{"start":{"line":54,"column":22},"end":{"line":54,"column":29}},"loc":{"start":{"line":54,"column":111},"end":{"line":65,"column":null}},"line":54},"3":{"name":"buildModel","decl":{"start":{"line":67,"column":23},"end":{"line":67,"column":34}},"loc":{"start":{"line":67,"column":80},"end":{"line":97,"column":null}},"line":67},"4":{"name":"initialize","decl":{"start":{"line":109,"column":23},"end":{"line":109,"column":null}},"loc":{"start":{"line":113,"column":27},"end":{"line":133,"column":null}},"line":113},"5":{"name":"send","decl":{"start":{"line":141,"column":15},"end":{"line":141,"column":37}},"loc":{"start":{"line":141,"column":37},"end":{"line":155,"column":null}},"line":141},"6":{"name":"shouldSendMessage","decl":{"start":{"line":157,"column":14},"end":{"line":157,"column":43}},"loc":{"start":{"line":157,"column":43},"end":{"line":214,"column":null}},"line":157}},"branchMap":{"0":{"loc":{"start":{"line":61,"column":23},"end":{"line":61,"column":null}},"type":"binary-expr","locations":[{"start":{"line":61,"column":23},"end":{"line":61,"column":38}},{"start":{"line":61,"column":38},"end":{"line":61,"column":null}}],"line":61},"1":{"loc":{"start":{"line":69,"column":4},"end":{"line":71,"column":null}},"type":"if","locations":[{"start":{"line":69,"column":4},"end":{"line":71,"column":null}},{"start":{},"end":{}}],"line":69},"2":{"loc":{"start":{"line":82,"column":29},"end":{"line":82,"column":48}},"type":"binary-expr","locations":[{"start":{"line":82,"column":29},"end":{"line":82,"column":44}},{"start":{"line":82,"column":44},"end":{"line":82,"column":48}}],"line":82},"3":{"loc":{"start":{"line":120,"column":4},"end":{"line":122,"column":null}},"type":"if","locations":[{"start":{"line":120,"column":4},"end":{"line":122,"column":null}},{"start":{},"end":{}}],"line":120},"4":{"loc":{"start":{"line":123,"column":4},"end":{"line":125,"column":null}},"type":"if","locations":[{"start":{"line":123,"column":4},"end":{"line":125,"column":null}},{"start":{},"end":{}}],"line":123},"5":{"loc":{"start":{"line":126,"column":4},"end":{"line":128,"column":null}},"type":"if","locations":[{"start":{"line":126,"column":4},"end":{"line":128,"column":null}},{"start":{},"end":{}}],"line":126},"6":{"loc":{"start":{"line":129,"column":4},"end":{"line":131,"column":null}},"type":"if","locations":[{"start":{"line":129,"column":4},"end":{"line":131,"column":null}},{"start":{},"end":{}}],"line":129},"7":{"loc":{"start":{"line":142,"column":4},"end":{"line":144,"column":null}},"type":"if","locations":[{"start":{"line":142,"column":4},"end":{"line":144,"column":null}},{"start":{},"end":{}}],"line":142},"8":{"loc":{"start":{"line":146,"column":4},"end":{"line":154,"column":null}},"type":"if","locations":[{"start":{"line":146,"column":4},"end":{"line":154,"column":null}},{"start":{"line":152,"column":11},"end":{"line":154,"column":null}}],"line":146},"9":{"loc":{"start":{"line":147,"column":6},"end":{"line":149,"column":null}},"type":"if","locations":[{"start":{"line":147,"column":6},"end":{"line":149,"column":null}},{"start":{},"end":{}}],"line":147},"10":{"loc":{"start":{"line":158,"column":4},"end":{"line":160,"column":null}},"type":"if","locations":[{"start":{"line":158,"column":4},"end":{"line":160,"column":null}},{"start":{},"end":{}}],"line":158},"11":{"loc":{"start":{"line":162,"column":4},"end":{"line":213,"column":null}},"type":"switch","locations":[{"start":{"line":163,"column":6},"end":{"line":164,"column":null}},{"start":{"line":165,"column":6},"end":{"line":166,"column":null}},{"start":{"line":167,"column":6},"end":{"line":168,"column":null}},{"start":{"line":169,"column":6},"end":{"line":170,"column":null}},{"start":{"line":171,"column":6},"end":{"line":172,"column":null}},{"start":{"line":173,"column":6},"end":{"line":174,"column":null}},{"start":{"line":175,"column":6},"end":{"line":176,"column":null}},{"start":{"line":177,"column":6},"end":{"line":178,"column":null}},{"start":{"line":179,"column":6},"end":{"line":180,"column":null}},{"start":{"line":181,"column":6},"end":{"line":182,"column":null}},{"start":{"line":183,"column":6},"end":{"line":184,"column":null}},{"start":{"line":185,"column":6},"end":{"line":186,"column":null}},{"start":{"line":187,"column":6},"end":{"line":188,"column":null}},{"start":{"line":189,"column":6},"end":{"line":190,"column":null}},{"start":{"line":191,"column":6},"end":{"line":192,"column":null}},{"start":{"line":193,"column":6},"end":{"line":194,"column":null}},{"start":{"line":195,"column":6},"end":{"line":196,"column":null}},{"start":{"line":197,"column":6},"end":{"line":198,"column":null}},{"start":{"line":199,"column":6},"end":{"line":200,"column":null}},{"start":{"line":201,"column":6},"end":{"line":202,"column":null}},{"start":{"line":203,"column":6},"end":{"line":204,"column":null}},{"start":{"line":205,"column":6},"end":{"line":206,"column":null}},{"start":{"line":207,"column":6},"end":{"line":208,"column":null}},{"start":{"line":209,"column":6},"end":{"line":210,"column":null}},{"start":{"line":211,"column":6},"end":{"line":212,"column":null}}],"line":162},"12":{"loc":{"start":{"line":206,"column":16},"end":{"line":206,"column":58}},"type":"binary-expr","locations":[{"start":{"line":206,"column":16},"end":{"line":206,"column":53}},{"start":{"line":206,"column":53},"end":{"line":206,"column":58}}],"line":206},"13":{"loc":{"start":{"line":208,"column":16},"end":{"line":208,"column":60}},"type":"binary-expr","locations":[{"start":{"line":208,"column":16},"end":{"line":208,"column":53}},{"start":{"line":208,"column":53},"end":{"line":208,"column":60}}],"line":208}},"s":{"0":0,"1":0,"2":0,"3":0,"4":0,"5":0,"6":0,"7":0,"8":0,"9":0,"10":0,"11":0,"12":0,"13":0,"14":0,"15":0,"16":0,"17":0,"18":0,"19":0,"20":0,"21":0,"22":0,"23":0,"24":0,"25":0,"26":0,"27":0,"28":0,"29":0,"30":0,"31":0,"32":0,"33":0,"34":0,"35":0,"36":0,"37":0,"38":0,"39":0,"40":0,"41":0,"42":0,"43":0,"44":0,"45":0,"46":0,"47":0,"48":0,"49":0,"50":0,"51":0,"52":0,"53":0,"54":0,"55":0,"56":0,"57":0,"58":0,"59":0,"60":0,"61":0,"62":0,"63":0,"64":0,"65":0,"66":0,"67":0,"68":0,"69":0,"70":0,"71":0,"72":0,"73":0,"74":0,"75":0},"f":{"0":0,"1":1,"2":1,"3":1,"4":1,"5":0,"6":0},"b":{"0":[0,0],"1":[0,0],"2":[0,0],"3":[0,0],"4":[0,0],"5":[0,0],"6":[0,0],"7":[0,0],"8":[0,0],"9":[0,0],"10":[0,0],"11":[0,0,0,0,0,0,0,0,0,0,0,0,0,0,0,0,0,0,0,0,0,0,0,0,0],"12":[0,0],"13":[0,0]},"meta":{"lastBranch":14,"lastFunction":7,"lastStatement":76,"seen":{"s:31:28:31:Infinity":0,"f:33:2:33:10":0,"s:34:4:34:Infinity":1,"f:37:18:37:60":1,"s:38:24:38:Infinity":2,"s:39:4:41:Infinity":3,"s:40:6:40:Infinity":4,"f:54:22:54:29":2,"s:55:4:55:Infinity":5,"s:57:19:57:Infinity":6,"s:58:4:58:Infinity":7,"s:60:21:60:Infinity":8,"s:61:4:61:Infinity":9,"b:61:23:61:38:61:38:61:Infinity":0,"s:62:4:62:Infinity":10,"s:63:4:63:Infinity":11,"s:64:4:64:Infinity":12,"f:67:23:67:34":3,"s:68:10:68:Infinity":13,"b:69:4:71:Infinity:undefined:undefined:undefined:undefined":1,"s:69:4:71:Infinity":14,"s:70:6:70:Infinity":15,"s:73:30:73:Infinity":16,"s:74:46:74:Infinity":17,"s:75:4:95:Infinity":18,"s:76:32:76:Infinity":19,"s:77:28:77:Infinity":20,"s:79:6:94:Infinity":21,"s:80:46:80:Infinity":22,"s:82:8:89:Infinity":23,"b:82:29:82:44:82:44:82:48":2,"s:83:10:87:Infinity":24,"s:88:10:88:Infinity":25,"s:90:8:92:Infinity":26,"s:93:8:93:Infinity":27,"s:96:4:96:Infinity":28,"f:109:23:109:Infinity":4,"s:114:10:119:Infinity":29,"b:120:4:122:Infinity:undefined:undefined:undefined:undefined":3,"s:120:4:122:Infinity":30,"s:121:6:121:Infinity":31,"b:123:4:125:Infinity:undefined:undefined:undefined:undefined":4,"s:123:4:125:Infinity":32,"s:124:6:124:Infinity":33,"b:126:4:128:Infinity:undefined:undefined:undefined:undefined":5,"s:126:4:128:Infinity":34,"s:127:6:127:Infinity":35,"b:129:4:131:Infinity:undefined:undefined:undefined:undefined":6,"s:129:4:131:Infinity":36,"s:130:6:130:Infinity":37,"s:132:4:132:Infinity":38,"f:141:15:141:37":5,"b:142:4:144:Infinity:undefined:undefined:undefined:undefined":7,"s:142:4:144:Infinity":39,"s:143:6:143:Infinity":40,"s:145:19:145:Infinity":41,"b:146:4:154:Infinity:152:11:154:Infinity":8,"s:146:4:154:Infinity":42,"b:147:6:149:Infinity:undefined:undefined:undefined:undefined":9,"s:147:6:149:Infinity":43,"s:148:8:148:Infinity":44,"s:150:27:150:Infinity":45,"s:151:6:151:Infinity":46,"s:153:6:153:Infinity":47,"f:157:14:157:43":6,"b:158:4:160:Infinity:undefined:undefined:undefined:undefined":10,"s:158:4:160:Infinity":48,"s:159:6:159:Infinity":49,"b:163:6:164:Infinity:165:6:166:Infinity:167:6:168:Infinity:169:6:170:Infinity:171:6:172:Infinity:173:6:174:Infinity:175:6:176:Infinity:177:6:178:Infinity:179:6:180:Infinity:181:6:182:Infinity:183:6:184:Infinity:185:6:186:Infinity:187:6:188:Infinity:189:6:190:Infinity:191:6:192:Infinity:193:6:194:Infinity:195:6:196:Infinity:197:6:198:Infinity:199:6:200:Infinity:201:6:202:Infinity:203:6:204:Infinity:205:6:206:Infinity:207:6:208:Infinity:209:6:210:Infinity:211:6:212:Infinity":11,"s:162:4:213:Infinity":50,"s:164:8:164:Infinity":51,"s:166:8:166:Infinity":52,"s:168:8:168:Infinity":53,"s:170:8:170:Infinity":54,"s:172:8:172:Infinity":55,"s:174:8:174:Infinity":56,"s:176:8:176:Infinity":57,"s:178:8:178:Infinity":58,"s:180:8:180:Infinity":59,"s:182:8:182:Infinity":60,"s:184:8:184:Infinity":61,"s:186:8:186:Infinity":62,"s:188:8:188:Infinity":63,"s:190:8:190:Infinity":64,"s:192:8:192:Infinity":65,"s:194:8:194:Infinity":66,"s:196:8:196:Infinity":67,"s:198:8:198:Infinity":68,"s:200:8:200:Infinity":69,"s:202:8:202:Infinity":70,"s:204:8:204:Infinity":71,"s:206:8:206:Infinity":72,"b:206:16:206:53:206:53:206:58":12,"s:208:8:208:Infinity":73,"b:208:16:208:53:208:53:208:60":13,"s:210:8:210:Infinity":74,"s:212:8:212:Infinity":75}}},"/Users/yevhen.fabizhevskyi/Source/personal/sarif-to-slack/src/processors/CodeQLProcessor.ts":{"path":"/Users/yevhen.fabizhevskyi/Source/personal/sarif-to-slack/src/processors/CodeQLProcessor.ts","statementMap":{"0":{"start":{"line":17,"column":4},"end":{"line":17,"column":null}}},"fnMap":{"0":{"name":"tryFindLevel","decl":{"start":{"line":16,"column":2},"end":{"line":16,"column":18}},"loc":{"start":{"line":16,"column":59},"end":{"line":18,"column":null}},"line":16}},"branchMap":{"0":{"loc":{"start":{"line":17,"column":11},"end":{"line":17,"column":null}},"type":"binary-expr","locations":[{"start":{"line":17,"column":11},"end":{"line":17,"column":35}},{"start":{"line":17,"column":35},"end":{"line":17,"column":null}}],"line":17}},"s":{"0":0},"f":{"0":0},"b":{"0":[0,0]},"meta":{"lastBranch":1,"lastFunction":1,"lastStatement":1,"seen":{"f:16:2:16:18":0,"s:17:4:17:Infinity":0,"b:17:11:17:35:17:35:17:Infinity":0}}},"/Users/yevhen.fabizhevskyi/Source/personal/sarif-to-slack/src/processors/ProcessorFactory.ts":{"path":"/Users/yevhen.fabizhevskyi/Source/personal/sarif-to-slack/src/processors/ProcessorFactory.ts","statementMap":{"0":{"start":{"line":17,"column":8},"end":{"line":17,"column":null}},"1":{"start":{"line":18,"column":2},"end":{"line":22,"column":null}},"2":{"start":{"line":19,"column":19},"end":{"line":19,"column":null}},"3":{"start":{"line":20,"column":29},"end":{"line":20,"column":null}},"4":{"start":{"line":21,"column":13},"end":{"line":21,"column":null}}},"fnMap":{"0":{"name":"createProcessor","decl":{"start":{"line":16,"column":16},"end":{"line":16,"column":32}},"loc":{"start":{"line":16,"column":75},"end":{"line":23,"column":null}},"line":16}},"branchMap":{"0":{"loc":{"start":{"line":18,"column":2},"end":{"line":22,"column":null}},"type":"switch","locations":[{"start":{"line":19,"column":4},"end":{"line":19,"column":null}},{"start":{"line":20,"column":4},"end":{"line":20,"column":null}},{"start":{"line":21,"column":4},"end":{"line":21,"column":null}}],"line":18}},"s":{"0":0,"1":0,"2":0,"3":0,"4":0},"f":{"0":0},"b":{"0":[0,0,0]},"meta":{"lastBranch":1,"lastFunction":1,"lastStatement":5,"seen":{"f:16:16:16:32":0,"s:17:8:17:Infinity":0,"b:19:4:19:Infinity:20:4:20:Infinity:21:4:21:Infinity":0,"s:18:2:22:Infinity":1,"s:19:19:19:Infinity":2,"s:20:29:20:Infinity":3,"s:21:13:21:Infinity":4}}},"/Users/yevhen.fabizhevskyi/Source/personal/sarif-to-slack/src/processors/SnykProcessor.ts":{"path":"/Users/yevhen.fabizhevskyi/Source/personal/sarif-to-slack/src/processors/SnykProcessor.ts","statementMap":{"0":{"start":{"line":18,"column":4},"end":{"line":18,"column":null}}},"fnMap":{"0":{"name":"tryFindCvssScore","decl":{"start":{"line":17,"column":2},"end":{"line":17,"column":18}},"loc":{"start":{"line":17,"column":57},"end":{"line":19,"column":null}},"line":17}},"branchMap":{"0":{"loc":{"start":{"line":18,"column":11},"end":{"line":18,"column":null}},"type":"binary-expr","locations":[{"start":{"line":18,"column":11},"end":{"line":18,"column":67}},{"start":{"line":18,"column":67},"end":{"line":18,"column":null}}],"line":18}},"s":{"0":0},"f":{"0":0},"b":{"0":[0,0]},"meta":{"lastBranch":1,"lastFunction":1,"lastStatement":1,"seen":{"f:17:2:17:18":0,"s:18:4:18:Infinity":0,"b:18:11:18:67:18:67:18:Infinity":0}}},"/Users/yevhen.fabizhevskyi/Source/personal/sarif-to-slack/src/model/color/ColorIdentification.ts":{"path":"/Users/yevhen.fabizhevskyi/Source/personal/sarif-to-slack/src/model/color/ColorIdentification.ts","statementMap":{"0":{"start":{"line":18,"column":2},"end":{"line":18,"column":null}},"1":{"start":{"line":26,"column":23},"end":{"line":26,"column":null}},"2":{"start":{"line":27,"column":2},"end":{"line":27,"column":null}},"3":{"start":{"line":35,"column":23},"end":{"line":35,"column":null}},"4":{"start":{"line":36,"column":2},"end":{"line":36,"column":null}},"5":{"start":{"line":46,"column":17},"end":{"line":46,"column":null}},"6":{"start":{"line":47,"column":2},"end":{"line":56,"column":null}},"7":{"start":{"line":48,"column":4},"end":{"line":53,"column":null}},"8":{"start":{"line":49,"column":6},"end":{"line":49,"column":null}},"9":{"start":{"line":50,"column":6},"end":{"line":50,"column":null}},"10":{"start":{"line":52,"column":6},"end":{"line":52,"column":null}},"11":{"start":{"line":55,"column":4},"end":{"line":55,"column":null}},"12":{"start":{"line":58,"column":2},"end":{"line":67,"column":null}},"13":{"start":{"line":59,"column":4},"end":{"line":64,"column":null}},"14":{"start":{"line":60,"column":6},"end":{"line":60,"column":null}},"15":{"start":{"line":61,"column":6},"end":{"line":61,"column":null}},"16":{"start":{"line":63,"column":6},"end":{"line":63,"column":null}},"17":{"start":{"line":66,"column":4},"end":{"line":66,"column":null}},"18":{"start":{"line":69,"column":2},"end":{"line":69,"column":null}},"19":{"start":{"line":73,"column":17},"end":{"line":73,"column":null}},"20":{"start":{"line":74,"column":2},"end":{"line":83,"column":null}},"21":{"start":{"line":75,"column":4},"end":{"line":80,"column":null}},"22":{"start":{"line":76,"column":6},"end":{"line":76,"column":null}},"23":{"start":{"line":77,"column":6},"end":{"line":77,"column":null}},"24":{"start":{"line":79,"column":6},"end":{"line":79,"column":null}},"25":{"start":{"line":82,"column":4},"end":{"line":82,"column":null}},"26":{"start":{"line":85,"column":2},"end":{"line":94,"column":null}},"27":{"start":{"line":86,"column":4},"end":{"line":91,"column":null}},"28":{"start":{"line":87,"column":6},"end":{"line":87,"column":null}},"29":{"start":{"line":88,"column":6},"end":{"line":88,"column":null}},"30":{"start":{"line":90,"column":6},"end":{"line":90,"column":null}},"31":{"start":{"line":93,"column":4},"end":{"line":93,"column":null}},"32":{"start":{"line":96,"column":2},"end":{"line":105,"column":null}},"33":{"start":{"line":97,"column":4},"end":{"line":102,"column":null}},"34":{"start":{"line":98,"column":6},"end":{"line":98,"column":null}},"35":{"start":{"line":99,"column":6},"end":{"line":99,"column":null}},"36":{"start":{"line":101,"column":6},"end":{"line":101,"column":null}},"37":{"start":{"line":104,"column":4},"end":{"line":104,"column":null}},"38":{"start":{"line":107,"column":2},"end":{"line":116,"column":null}},"39":{"start":{"line":108,"column":4},"end":{"line":113,"column":null}},"40":{"start":{"line":109,"column":6},"end":{"line":109,"column":null}},"41":{"start":{"line":110,"column":6},"end":{"line":110,"column":null}},"42":{"start":{"line":112,"column":6},"end":{"line":112,"column":null}},"43":{"start":{"line":115,"column":4},"end":{"line":115,"column":null}},"44":{"start":{"line":118,"column":2},"end":{"line":118,"column":null}},"45":{"start":{"line":122,"column":17},"end":{"line":122,"column":null}},"46":{"start":{"l
[...]
6,"4":6,"5":6,"6":6,"7":6,"8":6,"9":6,"10":6,"11":6,"12":6,"13":6,"14":6,"15":6,"16":6,"17":6,"18":6,"19":6,"20":6,"21":6,"22":6,"23":6,"24":6,"25":6,"26":6,"27":6,"28":72,"29":6,"30":6,"31":6,"32":6,"33":6,"34":6,"35":6,"36":60},"f":{"0":6,"1":6,"2":6,"3":72,"4":6,"5":60},"b":{},"meta":{"lastBranch":0,"lastFunction":6,"lastStatement":37,"seen":{"s:28:7:38:Infinity":0,"f:28:7:28:12":0,"s:32:2:32:Infinity":1,"s:37:2:37:Infinity":2,"s:54:7:222:Infinity":3,"f:54:7:54:12":1,"s:65:2:65:Infinity":4,"s:76:2:76:Infinity":5,"s:85:2:85:Infinity":6,"s:94:2:94:Infinity":7,"s:105:2:105:Infinity":8,"s:117:2:117:Infinity":9,"s:126:2:126:Infinity":10,"s:135:2:135:Infinity":11,"s:150:2:150:Infinity":12,"s:165:2:165:Infinity":13,"s:180:2:180:Infinity":14,"s:195:2:195:Infinity":15,"s:208:2:208:Infinity":16,"s:221:2:221:Infinity":17,"s:228:39:228:Infinity":18,"s:250:29:250:Infinity":19,"s:295:7:302:Infinity":20,"f:295:7:295:12":2,"s:296:2:296:Infinity":21,"s:297:2:297:Infinity":22,"s:298:2:298:Infinity":23,"s:299:2:299:Infinity":24,"s:300:2:300:Infinity":25,"s:301:2:301:Infinity":26,"s:305:2:307:Infinity":27,"f:305:34:305:Infinity":3,"s:306:51:306:Infinity":28,"s:316:7:322:Infinity":29,"f:316:7:316:12":4,"s:317:2:317:Infinity":30,"s:318:2:318:Infinity":31,"s:319:2:319:Infinity":32,"s:320:2:320:Infinity":33,"s:321:2:321:Infinity":34,"s:325:2:327:Infinity":35,"f:325:31:325:Infinity":5,"s:326:48:326:Infinity":36}}},"/Users/yevhen.fabizhevskyi/Source/personal/sarif-to-slack/src/utils/FileUtils.ts":{"path":"/Users/yevhen.fabizhevskyi/Source/personal/sarif-to-slack/src/utils/FileUtils.ts","statementMap":{"0":{"start":{"line":21,"column":2},"end":{"line":31,"column":null}},"1":{"start":{"line":22,"column":30},"end":{"line":22,"column":null}},"2":{"start":{"line":23,"column":4},"end":{"line":30,"column":null}},"3":{"start":{"line":24,"column":31},"end":{"line":24,"column":null}},"4":{"start":{"line":25,"column":6},"end":{"line":29,"column":null}},"5":{"start":{"line":26,"column":8},"end":{"line":26,"column":null}},"6":{"start":{"line":27,"column":13},"end":{"line":29,"column":null}},"7":{"start":{"line":28,"column":8},"end":{"line":28,"column":null}},"8":{"start":{"line":32,"column":2},"end":{"line":32,"column":null}},"9":{"start":{"line":42,"column":2},"end":{"line":44,"column":null}},"10":{"start":{"line":43,"column":4},"end":{"line":43,"column":null}},"11":{"start":{"line":46,"column":17},"end":{"line":46,"column":null}},"12":{"start":{"line":47,"column":26},"end":{"line":47,"column":null}},"13":{"start":{"line":49,"column":2},"end":{"line":55,"column":null}},"14":{"start":{"line":50,"column":4},"end":{"line":50,"column":null}},"15":{"start":{"line":51,"column":28},"end":{"line":51,"column":null}},"16":{"start":{"line":52,"column":4},"end":{"line":52,"column":null}},"17":{"start":{"line":53,"column":4},"end":{"line":53,"column":null}},"18":{"start":{"line":54,"column":4},"end":{"line":54,"column":null}},"19":{"start":{"line":57,"column":2},"end":{"line":60,"column":null}},"20":{"start":{"line":58,"column":4},"end":{"line":58,"column":null}},"21":{"start":{"line":59,"column":4},"end":{"line":59,"column":null}},"22":{"start":{"line":62,"column":2},"end":{"line":62,"column":null}}},"fnMap":{"0":{"name":"listFiles","decl":{"start":{"line":15,"column":9},"end":{"line":15,"column":null}},"loc":{"start":{"line":20,"column":12},"end":{"line":33,"column":null}},"line":20},"1":{"name":"(anonymous_1)","decl":{"start":{"line":23,"column":12},"end":{"line":23,"column":21}},"loc":{"start":{"line":23,"column":45},"end":{"line":30,"column":5}},"line":23},"2":{"name":"extractListOfFiles","decl":{"start":{"line":41,"column":16},"end":{"line":41,"column":35}},"loc":{"start":{"line":41,"column":65},"end":{"line":63,"column":null}},"line":41}},"branchMap":{"0":{"loc":{"start":{"line":19,"column":2},"end":{"line":19,"column":null}},"type":"default-arg","locations":[{"start":{"line":19,"column":23},"end":{"line":19,"column":null}}],"line":19},"1":{"loc":{"start":{"line":21,"column":2},"end":{"line":31,"column":null}},"type":"if","locations":[{"start":{"line":21,"column":2},"end":{"line":31,"column":null}},{"start":{},"end":{}}],"line":21},"2":{"loc":{"start":{"line":25,"column":6},"end":{"line":29,"column":null}},"type":"if","locations":[{"start":{"line":25,"column":6},"end":{"line":29,"column":null}},{"start":{"line":27,"column":13},"end":{"line":29,"column":null}}],"line":25},"3":{"loc":{"start":{"line":25,"column":10},"end":{"line":25,"column":60}},"type":"binary-expr","locations":[{"start":{"line":25,"column":10},"end":{"line":25,"column":23}},{"start":{"line":25,"column":23},"end":{"line":25,"column":60}}],"line":25},"4":{"loc":{"start":{"line":27,"column":13},"end":{"line":29,"column":null}},"type":"if","locations":[{"start":{"line":27,"column":13},"end":{"line":29,"column":null}},{"start":{},"end":{}}],"line":27},"5":{"loc":{"start":{"line":42,"column":2},"end":{"line":44,"column":null}},"type":"if","locations":[{"start":{"line":42,"column":2},"end":{"line":44,"column":null}},{"start":{},"end":{}}],"line":42},"6":{"loc":{"start":{"line":49,"column":2},"end":{"line":55,"column":null}},"type":"if","locations":[{"start":{"line":49,"column":2},"end":{"line":55,"column":null}},{"start":{},"end":{}}],"line":49},"7":{"loc":{"start":{"line":51,"column":67},"end":{"line":51,"column":92}},"type":"binary-expr","locations":[{"start":{"line":51,"column":67},"end":{"line":51,"column":85}},{"start":{"line":51,"column":85},"end":{"line":51,"column":92}}],"line":51},"8":{"loc":{"start":{"line":57,"column":2},"end":{"line":60,"column":null}},"type":"if","locations":[{"start":{"line":57,"column":2},"end":{"line":60,"column":null}},{"start":{},"end":{}}],"line":57}},"s":{"0":0,"1":0,"2":0,"3":0,"4":0,"5":0,"6":0,"7":0,"8":0,"9":0,"10":0,"11":0,"12":0,"13":0,"14":0,"15":0,"16":0,"17":0,"18":0,"19":0,"20":0,"21":0,"22":0},"f":{"0":0,"1":0,"2":0},"b":{"0":[0],"1":[0,0],"2":[0,0],"3":[0,0],"4":[0,0],"5":[0,0],"6":[0,0],"7":[0,0],"8":[0,0]},"meta":{"lastBranch":9,"lastFunction":3,"lastStatement":23,"seen":{"f:15:9:15:Infinity":0,"b:19:23:19:Infinity":0,"b:21:2:31:Infinity:undefined:undefined:undefined:undefined":1,"s:21:2:31:Infinity":0,"s:22:30:22:Infinity":1,"s:23:4:30:Infinity":2,"f:23:12:23:21":1,"s:24:31:24:Infinity":3,"b:25:6:29:Infinity:27:13:29:Infinity":2,"s:25:6:29:Infinity":4,"b:25:10:25:23:25:23:25:60":3,"s:26:8:26:Infinity":5,"b:27:13:29:Infinity:undefined:undefined:undefined:undefined":4,"s:27:13:29:Infinity":6,"s:28:8:28:Infinity":7,"s:32:2:32:Infinity":8,"f:41:16:41:35":2,"b:42:2:44:Infinity:undefined:undefined:undefined:undefined":5,"s:42:2:44:Infinity":9,"s:43:4:43:Infinity":10,"s:46:17:46:Infinity":11,"s:47:26:47:Infinity":12,"b:49:2:55:Infinity:undefined:undefined:undefined:undefined":6,"s:49:2:55:Infinity":13,"s:50:4:50:Infinity":14,"s:51:28:51:Infinity":15,"b:51:67:51:85:51:85:51:92":7,"s:52:4:52:Infinity":16,"s:53:4:53:Infinity":17,"s:54:4:54:Infinity":18,"b:57:2:60:Infinity:undefined:undefined:undefined:undefined":8,"s:57:2:60:Infinity":19,"s:58:4:58:Infinity":20,"s:59:4:59:Infinity":21,"s:62:2:62:Infinity":22}}},"/Users/yevhen.fabizhevskyi/Source/personal/sarif-to-slack/src/representations/table/Table.ts":{"path":"/Users/yevhen.fabizhevskyi/Source/personal/sarif-to-slack/src/representations/table/Table.ts","statementMap":{"0":{"start":{"line":5,"column":29},"end":{"line":5,"column":null}},"1":{"start":{"line":21,"column":4},"end":{"line":21,"column":null}},"2":{"start":{"line":22,"column":4},"end":{"line":25,"column":null}},"3":{"start":{"line":24,"column":45},"end":{"line":24,"column":null}},"4":{"start":{"line":26,"column":32},"end":{"line":30,"column":null}},"5":{"start":{"line":28,"column":49},"end":{"line":28,"column":57}},"6":{"start":{"line":31,"column":4},"end":{"line":34,"column":null}},"7":{"start":{"line":33,"column":42},"end":{"line":33,"column":null}},"8":{"start":{"line":38,"column":4},"end":{"line":55,"column":null}},"9":{"start":{"line":39,"column":19},"end":{"line":39,"column":null}},"10":{"start":{"line":40,"column":6},"end":{"line":40,"column":null}},"11":{"start":{"line":41,"column":6},"end":{"line":41,"column":null}},"12":{"start":{"line":42,"column":6},"end":{"line":42,"column":null}},"13":{"start":{"line":45,"column":36},"end":{"line":53,"column":null}},"14":{"start":{"line":48,"column":10},"end":{"line":48,"column":null}},"15":{"start":{"line":49,"column":10},"end":{"line":49,"column":null}},"16":{"start":{"line":54,"column":6},"end":{"line":54,"column":null}},"17":{"start":{"line":54,"column":42},"end":{"line":54,"column":72}},"18":{"start":{"line":59,"column":30},"end":{"line":59,"column":null}},"19":{"start":{"line":60,"column":4},"end":{"line":87,"column":null}},"20":{"start":{"line":61,"column":6},"end":{"line":61,"column":null}},"21":{"start":{"line":61,"column":46},"end":{"line":61,"column":74}},"22":{"start":{"line":63,"column":35},"end":{"line":63,"column":null}},"23":{"start":{"line":64,"column":6},"end":{"line":64,"column":null}},"24":{"start":{"line":65,"column":6},"end":{"line":65,"column":null}},"25":{"start":{"line":67,"column":33},"end":{"line":67,"column":null}},"26":{"start":{"line":68,"column":29},"end":{"line":68,"column":null}},"27":{"start":{"line":69,"column":6},"end":{"line":73,"column":null}},"28":{"start":{"line":70,"column":30},"end":{"line":70,"column":null}},"29":{"start":{"line":71,"column":8},"end":{"line":71,"column":null}},"30":{"start":{"line":72,"column":8},"end":{"line":72,"column":null}},"31":{"start":{"line":74,"column":30},"end":{"line":74,"column":null}},"32":{"start":{"line":75,"column":33},"end":{"line":75,"column":null}},"33":{"start":{"line":76,"column":6},"end":{"line":76,"column":null}},"34":{"start":{"line":79,"column":31},"end":{"line":85,"column":null}},"35":{"start":{"line":82,"column":38},"end":{"line":82,"column":124}},"36":{"start":{"line":86,"column":6},"end":{"line":86,"column":null}},"37":{"start":{"line":89,"column":4},"end":{"line":91,"column":null}}},"fnMap":{"0":{"name":"constructor","decl":{"start":{"line":18,"column":2},"end":{"line":18,"column":9}},"loc":{"start":{"line":20,"column":4},"end":{"line":35,"column":null}},"line":20},"1":{"name":"(anonymous_1)","decl":{"start":{"line":23,"column":39},"end":{"line":23,"column":null}},"loc":{"start":{"line":24,"column":45},"end":{"line":24,"column":null}},"line":24},"2":{"name":"(anonymous_2)","decl":{"start":{"line":28,"column":22},"end":{"line":28,"column":27}},"loc":{"start":{"line":28,"column":49},"end":{"line":28,"column":57}},"line":28},"3":{"name":"(anonymous_3)","decl":{"start":{"line":32,"column":36},"end":{"line":32,"column":null}},"loc":{"start":{"line":33,"column":42},"end":{"line":33,"column":null}},"line":33},"4":{"name":"set","decl":{"start":{"line":37,"column":2},"end":{"line":37,"column":9}},"loc":{"start":{"line":37,"column":69},"end":{"line":56,"column":null}},"line":37},"5":{"name":"(anonymous_5)","decl":{"start":{"line":47,"column":18},"end":{"line":47,"column":26}},"loc":{"start":{"line":47,"column":58},"end":{"line":50,"column":11}},"line":47},"6":{"name":"(anonymous_6)","decl":{"start":{"line":54,"column":16},"end":{"line":54,"column":25}},"loc":{"start":{"line":54,"column":42},"end":{"line":54,"column":72}},"line":54},"7":{"name":"toString","decl":{"start":{"line":58,"column":2},"end":{"line":58,"column":9}},"loc":{"start":{"line":58,"column":28},"end":{"line":92,"column":null}},"line":58},"8":{"name":"(anonymous_8)","decl":{"start":{"line":61,"column":16},"end":{"line":61,"column":25}},"loc":{"start":{"line":61,"column":46},"end":{"line":61,"column":74}},"line":61},"9":{"name":"(anonymous_9)","decl":{"start":{"line":82,"column":11},"end":{"line":82,"column":16}},"loc":{"start":{"line":82,"column":38},"end":{"line":82,"column":124}},"line":82}},"branchMap":{"0":{"loc":{"start":{"line":21,"column":18},"end":{"line":21,"column":null}},"type":"binary-expr","locations":[{"start":{"line":21,"column":18},"end":{"line":21,"column":34}},{"start":{"line":21,"column":34},"end":{"line":21,"column":null}}],"line":21},"1":{"loc":{"start":{"line":38,"column":4},"end":{"line":55,"column":null}},"type":"if","locations":[{"start":{"line":38,"column":4},"end":{"line":55,"column":null}},{"start":{},"end":{}}],"line":38},"2":{"loc":{"start":{"line":38,"column":8},"end":{"line":38,"column":111}},"type":"binary-expr","locations":[{"start":{"line":38,"column":8},"end":{"line":38,"column":25}},{"start":{"line":38,"column":25},"end":{"line":38,"column":56}},{"start":{"line":38,"column":56},"end":{"line":38,"column":76}},{"start":{"line":38,"column":76},"end":{"line":38,"column":111}}],"line":38},"3":{"loc":{"start":{"line":60,"column":4},"end":{"line":87,"column":null}},"type":"if","locations":[{"start":{"line":60,"column":4},"end":{"line":87,"column":null}},{"start":{},"end":{}}],"line":60},"4":{"loc":{"start":{"line":60,"column":8},"end":{"line":60,"column":57}},"type":"binary-expr","locations":[{"start":{"line":60,"column":8},"end":{"line":60,"column":32}},{"start":{"line":60,"column":32},"end":{"line":60,"column":57}}],"line":60},"5":{"loc":{"start":{"line":71,"column":33},"end":{"line":71,"column":131}},"type":"cond-expr","locations":[{"start":{"line":71,"column":74},"end":{"line":71,"column":127}},{"start":{"line":71,"column":127},"end":{"line":71,"column":131}}],"line":71},"6":{"loc":{"start":{"line":74,"column":48},"end":{"line":74,"column":null}},"type":"cond-expr","locations":[{"start":{"line":74,"column":97},"end":{"line":74,"column":158}},{"start":{"line":74,"column":158},"end":{"line":74,"column":null}}],"line":74},"7":{"loc":{"start":{"line":75,"column":47},"end":{"line":75,"column":null}},"type":"cond-expr","locations":[{"start":{"line":75,"column":98},"end":{"line":75,"column":161}},{"start":{"line":75,"column":161},"end":{"line":75,"column":null}}],"line":75},"8":{"loc":{"start":{"line":80,"column":23},"end":{"line":80,"column":null}},"type":"cond-expr","locations":[{"start":{"line":80,"column":71},"end":{"line":80,"column":131}},{"start":{"line":80,"column":131},"end":{"line":80,"column":null}}],"line":80},"9":{"loc":{"start":{"line":82,"column":52},"end":{"line":82,"column":124}},"type":"cond-expr","locations":[{"start":{"line":82,"column":80},"end":{"line":82,"column":120}},{"start":{"line":82,"column":120},"end":{"line":82,"column":124}}],"line":82},"10":{"loc":{"start":{"line":84,"column":24},"end":{"line":84,"column":null}},"type":"cond-expr","locations":[{"start":{"line":84,"column":72},"end":{"line":84,"column":132}},{"start":{"line":84,"column":132},"end":{"line":84,"column":null}}],"line":84}},"s":{"0":2,"1":9,"2":9,"3":7,"4":9,"5":7,"6":9,"7":7,"8":6,"9":6,"10":6,"11":6,"12":6,"13":6,"14":6,"15":6,"16":6,"17":6,"18":9,"19":9,"20":6,"21":6,"22":6,"23":6,"24":6,"25":6,"26":6,"27":6,"28":6,"29":6,"30":6,"31":6,"32":6,"33":6,"34":6,"35":6,"36":6,"37":9},"f":{"0":9,"1":7,"2":7,"3":7,"4":6,"5":6,"6":6,"7":9,"8":6,"9":6},"b":{"0":[9,3],"1":[6,0],"2":[6,6,6,6],"3":[6,3],"4":[9,7],"5":[0,6],"6":[4,2],"7":[6,0],"8":[4,2],"9":[0,6],"10":[0,6]},"meta":{"lastBranch":11,"lastFunction":10,"lastStatement":38,"seen":{"s:5:29:5:Infinity":0,"f:18:2:18:9":0,"s:21:4:21:Infinity":1,"b:21:18:21:34:21:34:21:Infinity":0,"s:22:4:25:Infinity":2,"f:23:39:23:Infinity":1,"s:24:45:24:Infinity":3,"s:26:32:30:Infinity":4,"f:28:22:28:27":2,"s:28:49:28:57":5,"s:31:4:34:Infinity":6,"f:32:36:32:Infinity":3,"s:33:42:33:Infinity":7,"f:37:2:37:9":4,"b:38:4:55:Infinity:undefined:undefined:undefined:undefined":1,"s:38:4:55:Infinity":8,"b:38:8:38:25:38:25:38:56:38:56:38:76:38:76:38:111":2,"s:39:19:39:Infinity":9,"s:40:6:40:Infinity":10,"s:41:6:41:Infinity":11,"s:42:6:42:Infinity":12,"s:45:36:53:Infinity":13,"f:47:18:47:26":5,"s:48:10:48:Infinity":14,"s:49:10:49:Infinity":15,"s:54:6:54:Infinity":16,"f:54:16:54:25":6,"s:54:42:54:72":17,"f:58:2:58:9":7,"s:59:30:59:Infinity":18,"b:60:4:87:Infinity:undefined:undefined:undefined:undefined":3,"s:60:4:87:Infinity":19,"b:60:8:60:32:60:32:60:57":4,"s:61:6:61:Infinity":20,"f:61:16:61:25":8,"s:61:46:61:74":21,"s:63:35:63:Infinity":22,"s:64:6:64:Infinity":23,"s:65:6:65:Infinity":24,"s:67:33:67:Infinity":25,"s:68:29:68:Infinity":26,"s:69:6:73:Infinity":27,"s:70:30:70:Infinity":28,"s:71:8:71:Infinity":29,"b:71:74:71:127:71:127:71:131":5,"s:72:8:72:Infinity":30,"s:74:30:74:Infinity":31,"b:74:97:74:158:74:158:74:Infinity":6,"s:75:33:75:Infinity":32,"b:75:98:75:161:75:161:75:Infinity":7,"s:76:6:76:Infinity":33,"s:79:31:85:Infinity":34,"b:80:71:80:131:80:131:80:Infinity":8,"f:82:11:82:16":9,"s:82:38:82:124":35,"b:82:80:82:120:82:120:82:124":9,"b:84:72:84:132:84:132:84:Infinity":10,"s:86:6:86:Infinity":36,"s:89:4:91:Infinity":37}}},"/Users/yevhen.fabizhevskyi/Source/personal/sarif-to-slack/src/utils/SarifUtils.ts":{"path":"/Users/yevhen.fabizhevskyi/Source/personal/sarif-to-slack/src/utils/SarifUtils.ts","statementMap":{"0":{"start":{"line":10,"column":2},"end":{"line":10,"column":null}},"1":{"start":{"line":21,"column":2},"end":{"line":23,"column":null}},"2":{"start":{"line":22,"column":4},"end":{"line":22,"column":null}},"3":{"start":{"line":24,"column":2},"end":{"line":24,"column":null}},"4":{"start":{"line":34,"column":2},"end":{"line":34,"column":null}}},"fnMap":{"0":{"name":"findToolComponentDriver","decl":{"start":{"line":9,"column":16},"end":{"line":9,"column":40}},"loc":{"start":{"line":9,"column":65},"end":{"line":11,"column":null}},"line":9},"1":{"name":"tryFindToolComponentExtension","decl":{"start":{"line":19,"column":16},"end":{"line":19,"column":46}},"loc":{"start":{"line":19,"column":99},"end":{"line":25,"column":null}},"line":19},"2":{"name":"findToolComponent","decl":{"start":{"line":33,"column":16},"end":{"line":33,"column":34}},"loc":{"start":{"line":33,"column":75},"end":{"line":35,"column":null}},"line":33}},"branchMap":{"0":{"loc":{"start":{"line":21,"column":2},"end":{"line":23,"column":null}},"type":"if","locations":[{"start":{"line":21,"column":2},"end":{"line":23,"column":null}},{"start":{},"end":{}}],"line":21},"1":{"loc":{"start":{"line":34,"column":9},"end":{"line":34,"column":null}},"type":"binary-expr","locations":[{"start":{"line":34,"column":9},"end":{"line":34,"column":55}},{"start":{"line":34,"column":55},"end":{"line":34,"column":null}}],"line":34}},"s":{"0":0,"1":0,"2":0,"3":0,"4":0},"f":{"0":0,"1":0,"2":0},"b":{"0":[0,0],"1":[0,0]},"meta":{"lastBranch":2,"lastFunction":3,"lastStatement":5,"seen":{"f:9:16:9:40":0,"s:10:2:10:Infinity":0,"f:19:16:19:46":1,"b:21:2:23:Infinity:undefined:undefined:undefined:undefined":0,"s:21:2:23:Infinity":1,"s:22:4:22:Infinity":2,"s:24:2:24:Infinity":3,"f:33:16:33:34":2,"s:34:2:34:Infinity":4,"b:34:9:34:55:34:55:34:Infinity":1}}},"/Users/yevhen.fabizhevskyi/Source/personal/sarif-to-slack/src/utils/StringUtils.ts":{"path":"/Users/yevhen.fabizhevskyi/Source/personal/sarif-to-slack/src/utils/StringUtils.ts","statementMap":{"0":{"start":{"line":2,"column":19},"end":{"line":2,"column":null}},"1":{"start":{"line":3,"column":2},"end":{"line":6,"column":null}},"2":{"start":{"line":5,"column":18},"end":{"line":5,"column":null}}},"fnMap":{"0":{"name":"randomAlphabetic","decl":{"start":{"line":1,"column":16},"end":{"line":1,"column":33}},"loc":{"start":{"line":1,"column":57},"end":{"line":7,"column":null}},"line":1},"1":{"name":"(anonymous_1)","decl":{"start":{"line":4,"column":13},"end":{"line":4,"column":null}},"loc":{"start":{"line":5,"column":18},"end":{"line":5,"column":null}},"line":5}},"branchMap":{},"s":{"0":20,"1":20,"2":68},"f":{"0":20,"1":68},"b":{},"meta":{"lastBranch":0,"lastFunction":2,"lastStatement":3,"seen":{"f:1:16:1:33":0,"s:2:19:2:Infinity":0,"s:3:2:6:Infinity":1,"f:4:13:4:Infinity":1,"s:5:18:5:Infinity":2}}},"/Users/yevhen.fabizhevskyi/Source/personal/sarif-to-slack/src/model/color/ColorOptions.ts":{"path":"/Users/yevhen.fabizhevskyi/Source/personal/sarif-to-slack/src/model/color/ColorOptions.ts","statementMap":{},"fnMap":{},"branchMap":{},"s":{},"f":{},"b":{},"meta":{"lastBranch":0,"lastFunction":0,"lastStatement":0,"seen":{}}}}}
